[2022-10-05 18:13:39] https://www.apartments.com/rockford-il/ - get_links
[2022-10-05 18:13:40] https://www.apartments.com/harbour-east-rockford-il/bp91fcc/ - parse
[2022-10-05 18:13:40] https://www.apartments.com/terra-creek-apartments-rockford-il/vbbz07e/ - parse
[2022-10-05 18:13:40] https://www.apartments.com/the-arbors-rockford-il/l3vrp8g/ - parse
[2022-10-05 18:13:40] https://www.apartments.com/riverside-glen-apartments-rockford-il/trvvkec/ - parse
[2022-10-05 18:13:41] https://www.apartments.com/rockford-il/6/ - get_links
[2022-10-05 18:13:41] https://www.apartments.com/rockford-il/5/ - get_links
[2022-10-05 18:13:41] https://www.apartments.com/rockford-il/4/ - get_links
[2022-10-05 18:13:41] https://www.apartments.com/rockford-il/2/ - get_links
[2022-10-05 18:13:41] https://www.apartments.com/rockford-il/3/ - get_links
[2022-10-05 18:13:42] https://www.apartments.com/4576-pepper-dr-rockford-il/27snqqb/ - parse
[2022-10-05 18:13:42] https://www.apartments.com/7329-wallingford-way-rockford-il-unit-3/2nctk38/ - parse
[2022-10-05 18:13:42] https://www.apartments.com/4576-pepper-dr-rockford-il/w4hywtj/ - parse
[2022-10-05 18:13:42] https://www.apartments.com/2418-e-gate-pkwy-rockford-il/50f1xfp/ - parse
[2022-10-05 18:13:43] https://www.apartments.com/2005-wisteria-rd-rockford-il/jrnvdl7/ - parse
[2022-10-05 18:13:43] https://www.apartments.com/1118-9th-ave-rockford-il-unit-1/sc3em77/ - parse
[2022-10-05 18:13:43] https://www.apartments.com/2441-holmes-st-rockford-il-unit-7/4qz3zfk/ - parse
[2022-10-05 18:13:43] https://www.apartments.com/3634-rural-st-rockford-il-unit-1/040rjx2/ - parse
[2022-10-05 18:13:43] https://www.apartments.com/3029-jacqueline-dr-rockford-il-unit-1/7erz5px/ - parse
[2022-10-05 18:13:44] https://www.apartments.com/1652-ethel-ave-rockford-il/mkxe4sl/ - parse
[2022-10-05 18:13:44] https://www.apartments.com/1510-school-st-rockford-il-unit-1st-floor/zythmlx/ - parse
[2022-10-05 18:13:44] https://www.apartments.com/1404-e-state-st-rockford-il/2zdwztb/ - parse
[2022-10-05 18:13:44] https://www.apartments.com/2439-holmes-st-rockford-il-unit-10/6yv1fqt/ - parse
[2022-10-05 18:13:44] https://www.apartments.com/1912-sherman-ave-rockford-il-unit-3/f6g3l4t/ - parse
[2022-10-05 18:13:45] https://www.apartments.com/361-bancroft-ct-rockford-il-unit-1/0hd7mh0/ - parse
[2022-10-05 18:13:45] https://www.apartments.com/424-gramercy-ct-rockford-il-unit-1/jfvbf24/ - parse
[2022-10-05 18:13:45] https://www.apartments.com/343-gramercy-dr-rockford-il-unit-1/trvdmp9/ - parse
[2022-10-05 18:13:45] https://www.apartments.com/451-bancroft-ct-rockford-il/477ghqj/ - parse
[2022-10-05 18:13:45] https://www.apartments.com/6610-carman-dr-rockford-il-unit-3/qvqb7gx/ - parse
[2022-10-05 18:13:46] https://www.apartments.com/432-bancroft-ct-rockford-il-unit-1/g76wl7x/ - parse
[2022-10-05 18:13:46] https://www.apartments.com/412-bancroft-ct-rockford-il-unit-1/vr8c1nd/ - parse
[2022-10-05 18:13:46] https://www.apartments.com/323-gramercy-dr-rockford-il-unit-1/14gcwe5/ - parse
[2022-10-05 18:13:46] https://www.apartments.com/404-gramercy-ct-rockford-il/9s6bkx6/ - parse
[2022-10-05 18:13:46] https://www.apartments.com/4863-flintridge-ct-rockford-il-unit-7/7zwm77w/ - parse
[2022-10-05 18:13:47] https://www.apartments.com/2221-wittenham-pl-rockford-il-unit-2221/8ckr1y2/ - parse
[2022-10-05 18:13:47] https://www.apartments.com/1428-jackson-st-rockford-il/f17eb9t/ - parse
[2022-10-05 18:13:47] https://www.apartments.com/3332-wesleyan-ave-rockford-il/mzsr2xh/ - parse
[2022-10-05 18:13:47] https://www.apartments.com/310-cole-ave-rockford-il/68dbkxr/ - parse
[2022-10-05 18:13:47] https://www.apartments.com/2311-26th-st-rockford-il/l865xjd/ - parse
[2022-10-05 18:13:48] https://www.apartments.com/414-8th-st-rockford-il-unit-2nd-floor/kt20vb9/ - parse
[2022-10-05 18:13:48] https://www.apartments.com/5907-walker-ave-loves-park-il-unit-2/kzeblkc/ - parse
[2022-10-05 18:13:48] https://www.apartments.com/1819-logan-st-rockford-il/hf456x1/ - parse
[2022-10-05 18:13:48] https://www.apartments.com/1823-hutchins-ave-rockford-il-unit-2/f24kc9s/ - parse
[2022-10-05 18:13:48] https://www.apartments.com/2020-forest-view-rd-rockford-il/5gld5kp/ - parse
[2022-10-05 18:13:49] https://www.apartments.com/241-northway-park-rd-machesney-park-il-unit-2/1wb6tf6/ - parse
[2022-10-05 18:13:49] https://www.apartments.com/915-marie-ave-machesney-park-il/byme7j8/ - parse
[2022-10-05 18:13:49] https://www.apartments.com/913-n-main-st-rockford-il/6b4nrev/ - parse
[2022-10-05 18:13:49] https://www.apartments.com/913-n-main-st-rockford-il/5b7d0bn/ - parse
[2022-10-05 18:13:49] https://www.apartments.com/929-n-main-st-rockford-il/1sc8314/ - parse
[2022-10-05 18:13:50] https://www.apartments.com/2307-skokie-dr-rockford-il/6z8vhks/ - parse
[2022-10-05 18:13:50] https://www.apartments.com/420-shoreland-rd-machesney-park-il/kp27kyb/ - parse
[2022-10-05 18:13:50] https://www.apartments.com/4441-lori-dr-rockford-il/c31z4bg/ - parse
[2022-10-05 18:13:50] https://www.apartments.com/420-n-main-st-rockford-il-unit-3/j953126/ - parse
[2022-10-05 18:13:50] https://www.apartments.com/1403-18th-st-rockford-il-unit-2-bed-lower-2-car-garage/4sdq75h/ - parse
[2022-10-05 18:13:51] https://www.apartments.com/906-23rd-st-rockford-il/97s0gf6/ - parse
[2022-10-05 18:13:51] https://www.apartments.com/3040-rice-ave-rockford-il/xzh8zjm/ - parse
[2022-10-05 18:13:51] https://www.apartments.com/1030-n-2nd-st-rockford-il/ynesbcs/ - parse
[2022-10-05 18:13:51] https://www.apartments.com/321-rome-ave-rockford-il/nhe8ckp/ - parse
[2022-10-05 18:13:51] https://www.apartments.com/1509-s-4th-st-rockford-il-unit-1/vzz22kd/ - parse
[2022-10-05 18:13:52] https://www.apartments.com/5680-spring-brook-rd-rockford-il-unit-1/vheklmg/ - parse
[2022-10-05 18:13:52] https://www.apartments.com/1428-nelson-blvd-rockford-il/69gs4fr/ - parse
[2022-10-05 18:13:52] https://www.apartments.com/3-br-1-bath-house-3907-latham-st-rockford-il/mnbghej/ - parse
[2022-10-05 18:13:52] https://www.apartments.com/1531-andrews-st-rockford-il/fbtls4s/ - parse
[2022-10-05 18:13:52] https://www.apartments.com/322-reynolds-st-rockford-il/990gvh6/ - parse
[2022-10-05 18:13:53] https://www.apartments.com/1819-latham-st-rockford-il/e8tfemp/ - parse
[2022-10-05 18:13:53] https://www.apartments.com/3618-blackstone-ave-rockford-il/gzm6djz/ - parse
[2022-10-05 18:13:53] https://www.apartments.com/4427-nina-terrace-rockford-il/t4xcrd9/ - parse
[2022-10-05 18:13:53] https://www.apartments.com/4334-nina-terrace-rockford-il/8fqsbj0/ - parse
[2022-10-05 18:13:53] https://www.apartments.com/5-br-35-bath-house-1733-rowntree-ln-rockford-il/0lpcwy2/ - parse
[2022-10-05 18:13:54] https://www.apartments.com/3-br-1-bath-house-2323-glenwood-ave-rockford-il/93dvbq6/ - parse
[2022-10-05 18:13:54] https://www.apartments.com/1435-n-court-st-rockford-il/6wegcbv/ - parse
[2022-10-05 18:13:54] https://www.apartments.com/209-irving-ave-rockford-il/e8n0qrm/ - parse
[2022-10-05 18:13:54] https://www.apartments.com/1628-n-horace-ave-rockford-il/6t3gv2r/ - parse
[2022-10-05 18:13:54] https://www.apartments.com/3139-parkside-ave-rockford-il/6xw02qr/ - parse
[2022-10-05 18:13:55] https://www.apartments.com/4-br-25-bath-house-1612-aragona-rockford-il/ms93vnk/ - parse
[2022-10-05 18:13:55] https://www.apartments.com/311-oakley-ave-rockford-il/6pvwjgv/ - parse
[2022-10-05 18:13:55] https://www.apartments.com/522-whitman-st-rockford-il/yhdcd4s/ - parse
[2022-10-05 18:13:55] https://www.apartments.com/2821-kenmore-ave-rockford-il/dbeqxkj/ - parse
[2022-10-05 18:13:55] https://www.apartments.com/1130-n-main-st-rockford-il/tlc1d49/ - parse
[2022-10-05 18:13:56] https://www.apartments.com/3-br-1-bath-house-2128-dresden-ave-rockford-il/yy1hc0v/ - parse
[2022-10-05 18:13:56] https://www.apartments.com/302-winona-dr-machesney-park-il/twcvkec/ - parse
[2022-10-05 18:13:56] https://www.apartments.com/4-br-1-bath-house-3013-10th-st-rockford-il/43jf0kj/ - parse
[2022-10-05 18:13:56] https://www.apartments.com/4142-applewood-ln-loves-park-il-unit-2/l92hk4e/ - parse
[2022-10-05 18:13:56] https://www.apartments.com/4905-pine-cone-ct-loves-park-il-unit-3/ff2776t/ - parse
[2022-10-05 18:13:57] https://www.apartments.com/2-br-2-bath-house-315-hollister-ave-rockford-il/9ermem7/ - parse
[2022-10-05 18:13:57] https://www.apartments.com/1903-barton-blvd-rockford-il/5ekm7hq/ - parse
[2022-10-05 18:13:57] https://www.apartments.com/3-br-1-bath-house-1603-evergreen-rockford-il/fgmlwgr/ - parse
[2022-10-05 18:13:57] https://www.apartments.com/2-br-1-bath-townhome-1320-parmele-st-apt-1-rockford-il/84zg4b1/ - parse
[2022-10-05 18:13:57] https://www.apartments.com/1425-blaisdell-st-rockford-il/njmwy3n/ - parse
[2022-10-05 18:14:07] https://www.apartments.com/2208-19th-ave-rockford-il/p2lx8xt/ - parse
[2022-10-05 18:14:07] https://www.apartments.com/1918-andrews-st-rockford-il/36fe60e/ - parse
[2022-10-05 18:14:07] https://www.apartments.com/2916-garfield-dr-rockford-il/0y1cwl1/ - parse
[2022-10-05 18:14:07] https://www.apartments.com/3-br-1-bath-house-1603-tacoma-ave-rockford-il/hww33d1/ - parse
[2022-10-05 18:14:07] https://www.apartments.com/721-5th-ave-rockford-il/hj5rrf0/ - parse
[2022-10-05 18:14:08] https://www.apartments.com/920-woodlawn-ave-rockford-il/0kctjk0/ - parse
[2022-10-05 18:14:08] https://www.apartments.com/2-br-1-bath-house-617-salter-ave-rockford-il/77mebyx/ - parse
[2022-10-05 18:14:08] https://www.apartments.com/rental-prices-starting-at-895-month-rockford-il/cj1n1lg/ - parse
[2022-10-05 18:14:08] https://www.apartments.com/2242-2244-7th-st-rockford-il/by8t2t9/ - parse
[2022-10-05 18:14:09] https://www.apartments.com/2438-devonshire-dr-rockford-il/phglxjv/ - parse
[2022-10-05 18:14:09] https://www.apartments.com/1554-willard-ave-rockford-il/nff4gfm/ - parse
[2022-10-05 18:14:09] https://www.apartments.com/411-stanley-st-rockford-il/ybx7nes/ - parse
[2022-10-05 18:14:09] https://www.apartments.com/820-royal-ave-rockford-il/ngb4fpm/ - parse
[2022-10-05 18:14:09] https://www.apartments.com/203-howard-avenue-rockford-il/9c6sfz4/ - parse
[2022-10-05 18:14:10] https://www.apartments.com/2720-9th-st-rockford-il/hge2kn0/ - parse
[2022-10-05 18:14:10] https://www.apartments.com/256-catherine-st-rockford-il/vgglbmf/ - parse
[2022-10-05 18:14:10] https://www.apartments.com/202-garver-ave-rockford-il/k550049/ - parse
[2022-10-05 18:14:10] https://www.apartments.com/208-n-day-ave-rockford-il/6m3m1ls/ - parse
[2022-10-05 18:14:10] https://www.apartments.com/2821-s-4th-st-rockford-il/cge3brf/ - parse
[2022-10-05 18:14:10] https://www.apartments.com/225-n-johnston-ave-rockford-il/h9n2m52/ - parse
[2022-10-05 18:14:11] https://www.apartments.com/914-n-court-st-rockford-ill-61103-rockford-il/h81lxy3/ - parse
[2022-10-05 18:14:11] https://www.apartments.com/332-e-riverside-blvd-loves-park-il/vmq0bde/ - parse
[2022-10-05 18:14:11] https://www.apartments.com/2502-school-st-rockford-il/243h1h9/ - parse
[2022-10-05 18:14:11] https://www.apartments.com/windsor-lake-loves-park-il/h5gf891/ - parse
[2022-10-05 18:14:11] https://www.apartments.com/windsor-apartments-rockford-il/4f1fgph/ - parse
[2022-10-05 18:14:12] https://www.apartments.com/ridgeview-apartments-rockford-il/r0t6eq2/ - parse
[2022-10-05 18:14:12] https://www.apartments.com/mandel-apartments-rockford-il/4t9yzzl/ - parse
[2022-10-05 18:14:12] https://www.apartments.com/rental-prices-starting-at-895-month-rockford-il/krtcxtc/ - parse
[2022-10-05 18:14:13] https://www.apartments.com/carlton-apartments-rockford-il/0qzetj2/ - parse
[2022-10-05 18:14:13] https://www.apartments.com/718-n-court-st-rockford-il/7l3wrtz/ - parse
[2022-10-05 18:14:13] https://www.apartments.com/806-houghton-st-rockford-il/7jqwstx/ - parse
[2022-10-05 18:14:13] https://www.apartments.com/832-alliance-ave-rockford-il/3pw9jyd/ - parse
[2022-10-05 18:14:13] https://www.apartments.com/625-n-court-st-rockford-il/g6lnj7w/ - parse
[2022-10-05 18:14:13] https://www.apartments.com/1063-w-jefferson-st-rockford-il/69e6ygr/ - parse
[2022-10-05 18:14:13] https://www.apartments.com/2344-wisconsin-rd-rockford-il/2jnw5b9/ - parse
[2022-10-05 18:14:14] https://www.apartments.com/1412-grant-ave-rockford-il/1x6rde6/ - parse
[2022-10-05 18:14:14] https://www.apartments.com/2507-sandhutton-ave-rockford-il-unit-2507/x55cp0m/ - parse
[2022-10-05 18:14:14] https://www.apartments.com/317-hill-st-rockford-il/hxf51q3/ - parse
[2022-10-05 18:14:14] https://www.apartments.com/762-n-1st-st-rockford-il/q4qesnx/ - parse
[2022-10-05 18:14:14] https://www.apartments.com/3-br-1-bath-house-1524-iris-ave-rockford-il/e2w1yfp/ - parse
[2022-10-05 18:14:15] https://www.apartments.com/4204-florida-dr-rockford-il-unit-330/cheedld/ - parse
[2022-10-05 18:14:16] https://www.apartments.com/1216-van-wie-ave-rockford-il/gkd7qtz/ - parse
[2022-10-05 18:14:16] https://www.apartments.com/creekview-apartments-rockford-il/jd4qt64/ - parse
[2022-10-05 18:14:16] https://www.apartments.com/rock-valley-apartments-loves-park-il/me10pkh/ - parse
[2022-10-05 18:14:16] https://www.apartments.com/4012-renn-hart-hills-loves-park-il/9ege057/ - parse
[2022-10-05 18:14:16] https://www.apartments.com/hampton-trails-apartments-rockford-il/swhv4z6/ - parse
[2022-10-05 18:14:16] https://www.apartments.com/rockford-housing-authority-rockford-il/2z8xsyc/ - parse
[2022-10-05 18:14:17] https://www.apartments.com/great-oaks-apartments-rockford-il/cdmkrcg/ - parse
[2022-10-05 18:14:17] https://www.apartments.com/197-flintridge-rockford-il/d01dbcl/ - parse
[2022-10-05 18:14:17] https://www.apartments.com/valley-view-senior-apartments-rockford-il/plngsss/ - parse
[2022-10-05 18:14:17] https://www.apartments.com/roberts-court-rockford-il/jcbm6h5/ - parse
[2022-10-05 18:14:17] https://www.apartments.com/halsted-park-apartments-and-townhomes-rockford-il/g3gez3x/ - parse
[2022-10-05 18:14:18] https://www.apartments.com/rock-river-tower-apartments-rockford-il/6llvpft/ - parse
[2022-10-05 18:14:18] https://www.apartments.com/forest-glen-apartments-rockford-il/kbs6fe8/ - parse
[2022-10-05 18:14:18] https://www.apartments.com/beacon-hill-apartments-rockford-il/q3jv6zy/ - parse
[2022-10-05 18:14:19] https://www.apartments.com/laramie-apartment-homes-rockford-il/dq4kbhh/ - parse
[2022-10-05 18:14:19] https://www.apartments.com/buckingham-square-apartments-rockford-il/lw7qg1g/ - parse
[2022-10-05 18:14:19] https://www.apartments.com/the-meadows-apartments-rockford-il/f2k6gyt/ - parse
[2022-10-05 18:14:19] https://www.apartments.com/the-hamptons-rockford-il/te9ckxc/ - parse
