[2022-10-01 22:39:55] https://rentprogress.com/bin/progress-residential/property-search.market-tampa-fl.json - get_links
[2022-10-01 22:39:55] https://rentprogress.com/bin/progress-residential/property-search.market-orlando-fl.json - get_links
[2022-10-01 22:39:55] https://rentprogress.com/property-details/8838-moonlit-meadows-loop/riverview/fl/33578/85780/ - parse
[2022-10-01 22:39:55] https://rentprogress.com/property-details/211-s-westland-ave-unit-1/tampa/fl/33606/2000095/ - parse
[2022-10-01 22:39:56] https://rentprogress.com/property-details/11351-calgary-cir/tampa/fl/33624/230480/ - parse
[2022-10-01 22:39:56] https://rentprogress.com/property-details/645-kirkland-st/bradley/fl/33835/775387/ - parse
[2022-10-01 22:39:56] https://rentprogress.com/property-details/205-madelyn-ct/auburndale/fl/33823/279850/ - parse
[2022-10-01 22:39:56] https://rentprogress.com/property-details/1106-oak-valley-drive/auburndale/fl/33823/918175/ - parse
[2022-10-01 22:39:57] https://rentprogress.com/property-details/1127-circle-dr/lake-wales/fl/33853/686198/ - parse
[2022-10-01 22:39:57] https://rentprogress.com/property-details/2298-whitley-ln/winter-haven/fl/33881/872456/ - parse
[2022-10-01 22:39:57] https://rentprogress.com/property-details/411-greenfield-rd/winter-haven/fl/33884/219385/ - parse
[2022-10-01 22:39:58] https://rentprogress.com/property-details/2621-trinity-cir-nw/winter-haven/fl/33881/677944/ - parse
[2022-10-01 22:39:58] https://rentprogress.com/property-details/905-chestnut-dr/fruitland-park/fl/34731/867069/ - parse
[2022-10-01 22:39:58] https://rentprogress.com/property-details/1102-oak-valley-drive/auburndale/fl/33823/918177/ - parse
[2022-10-01 22:39:58] https://rentprogress.com/property-details/1029-atlantic-ave/fruitland-park/fl/34731/878435/ - parse
[2022-10-01 22:39:58] https://rentprogress.com/property-details/2237-aitkin-loop/leesburg/fl/34748/323154/ - parse
[2022-10-01 22:39:58] https://rentprogress.com/property-details/1602-sterns-drive/leesburg/fl/34748/3410624/ - parse
[2022-10-01 22:39:59] https://rentprogress.com/property-details/263-diamond-ridge-blvd/auburndale/fl/33823/231193/ - parse
[2022-10-01 22:40:00] https://rentprogress.com/property-details/2114-amor-way/leesburg/fl/34748/915480/ - parse
[2022-10-01 22:40:00] https://rentprogress.com/property-details/1626-sterns-dr/leesburg/fl/34748/514476/ - parse
[2022-10-01 22:40:00] https://rentprogress.com/property-details/198-sunfish-dr/winter-haven/fl/33881/899540/ - parse
[2022-10-01 22:40:00] https://rentprogress.com/property-details/2119-nicollett-way/leesburg/fl/34748/90000202/ - parse
[2022-10-01 22:40:00] https://rentprogress.com/property-details/2201-aitkin-loop/leesburg/fl/34748/887676/ - parse
[2022-10-01 22:40:01] https://rentprogress.com/property-details/1045-cades-cove-way/deland/fl/32720/3372785/ - parse
[2022-10-01 22:40:01] https://rentprogress.com/property-details/1136-james-way/kissimmee/fl/34759/929927/ - parse
[2022-10-01 22:40:01] https://rentprogress.com/property-details/1033-cades-cove-way/deland/fl/32720/3372786/ - parse
[2022-10-01 22:40:01] https://rentprogress.com/property-details/105-big-black-dr/poinciana/fl/34759/888202/ - parse
[2022-10-01 22:40:01] https://rentprogress.com/property-details/1021-cades-cove-way/deland/fl/32720/3377996/ - parse
[2022-10-01 22:40:02] https://rentprogress.com/property-details/31053-satinleaf-run/brooksville/fl/34602/917848/ - parse
[2022-10-01 22:40:02] https://rentprogress.com/property-details/133-big-black-dr/poinciana/fl/34759/884345/ - parse
[2022-10-01 22:40:02] https://rentprogress.com/property-details/30980-satinleaf-run/brooksville/fl/34602/842192/ - parse
[2022-10-01 22:40:02] https://rentprogress.com/property-details/356-hibiscus-dr/kissimmee/fl/34759/912222/ - parse
[2022-10-01 22:40:03] https://rentprogress.com/property-details/30554-satinleaf-run/brooksville/fl/34602/770536/ - parse
[2022-10-01 22:40:03] https://rentprogress.com/property-details/7164-wirevine-dr/brooksville/fl/34602/846734/ - parse
[2022-10-01 22:40:03] https://rentprogress.com/property-details/246-hyacinth-ct/kissimmee/fl/34759/944392/ - parse
[2022-10-01 22:40:03] https://rentprogress.com/property-details/7252-sherman-hills-blvd/brooksville/fl/34602/838412/ - parse
[2022-10-01 22:40:03] https://rentprogress.com/property-details/225-gladiola-ct/poinciana/fl/34759/920234/ - parse
[2022-10-01 22:40:04] https://rentprogress.com/property-details/30490-satinleaf-run/brooksville/fl/34602/926238/ - parse
[2022-10-01 22:40:04] https://rentprogress.com/property-details/333-elderberry-ct/kissimmee/fl/34759/889192/ - parse
[2022-10-01 22:40:04] https://rentprogress.com/property-details/42-magnolia-blossom-ln/poinciana/fl/34759/937168/ - parse
[2022-10-01 22:40:04] https://rentprogress.com/property-details/271-e-fiesta-key-loop/deland/fl/32720/898516/ - parse
[2022-10-01 22:40:04] https://rentprogress.com/property-details/6543-redbay-dr/brooksville/fl/34602/917428/ - parse
[2022-10-01 22:40:04] https://rentprogress.com/property-details/304-camellia-ct/poinciana/fl/34759/920417/ - parse
[2022-10-01 22:40:04] https://rentprogress.com/property-details/204-e-aster-ct/poinciana/fl/34759/909341/ - parse
[2022-10-01 22:40:05] https://rentprogress.com/property-details/6550-wirevine-dr/brooksville/fl/34602/911692/ - parse
[2022-10-01 22:40:05] https://rentprogress.com/property-details/14148-lemon-yellow-tree-ln/spring-hill/fl/34613/668370/ - parse
[2022-10-01 22:40:05] https://rentprogress.com/property-details/9414-southern-charm-cir/brooksville/fl/34613/846474/ - parse
[2022-10-01 22:40:05] https://rentprogress.com/property-details/5080-landover-blvd/spring-hill/fl/34609/322669/ - parse
[2022-10-01 22:40:05] https://rentprogress.com/property-details/414-ashton-woods-ln/leesburg/fl/34748/452757/ - parse
[2022-10-01 22:40:06] https://rentprogress.com/property-details/3238-riverdale-dr/dade-city/fl/33523/775138/ - parse
[2022-10-01 22:40:06] https://rentprogress.com/property-details/532-anise-ct/poinciana/fl/34759/883823/ - parse
[2022-10-01 22:40:06] https://rentprogress.com/property-details/442-arkansas-ct/kissimmee/fl/34759/846963/ - parse
[2022-10-01 22:40:07] https://rentprogress.com/property-details/3732-bramblewood-loop/spring-hill/fl/34609/839962/ - parse
[2022-10-01 22:40:07] https://rentprogress.com/property-details/213-round-man-st/leesburg/fl/34748/913117/ - parse
[2022-10-01 22:40:07] https://rentprogress.com/property-details/1817-james-towne-ln/bartow/fl/33830/924096/ - parse
[2022-10-01 22:40:07] https://rentprogress.com/property-details/209-patrice-hope-st/leesburg/fl/34748/837092/ - parse
[2022-10-01 22:40:08] https://rentprogress.com/property-details/3810-braemere-dr/spring-hill/fl/34609/917735/ - parse
[2022-10-01 22:40:08] https://rentprogress.com/property-details/1101-ronlin-st/haines-city/fl/33844/279848/ - parse
[2022-10-01 22:40:08] https://rentprogress.com/property-details/2783-athens-dr/leesburg/fl/34748/891443/ - parse
[2022-10-01 22:40:08] https://rentprogress.com/property-details/1901-huron-way/kissimmee/fl/34759/906435/ - parse
[2022-10-01 22:40:08] https://rentprogress.com/property-details/3783-braemere-dr/spring-hill/fl/34609/899464/ - parse
[2022-10-01 22:40:09] https://rentprogress.com/property-details/586-hartford-heights-st/spring-hill/fl/34609/280895/ - parse
[2022-10-01 22:40:09] https://rentprogress.com/property-details/3516-longview-ln/lakeland/fl/33812/913413/ - parse
[2022-10-01 22:40:09] https://rentprogress.com/property-details/8630-indies-dr/hudson/fl/34667/851763/ - parse
[2022-10-01 22:40:09] https://rentprogress.com/property-details/2701-athens-dr/leesburg/fl/34748/898572/ - parse
[2022-10-01 22:40:10] https://rentprogress.com/property-details/454-louis-edward-court/lakeland/fl/33809/306594/ - parse
[2022-10-01 22:40:10] https://rentprogress.com/property-details/105-conch-way/poinciana/fl/34759/895815/ - parse
[2022-10-01 22:40:10] https://rentprogress.com/property-details/1910-manatee-ln/poinciana/fl/34759/899336/ - parse
[2022-10-01 22:40:10] https://rentprogress.com/property-details/7545-sloewood-dr/leesburg/fl/34748/862686/ - parse
[2022-10-01 22:40:10] https://rentprogress.com/property-details/925-pearly-ridge-ln/lakeland/fl/33809/925149/ - parse
[2022-10-01 22:40:11] https://rentprogress.com/property-details/1829-manitoba-ct/poinciana/fl/34759/920115/ - parse
[2022-10-01 22:40:11] https://rentprogress.com/property-details/60-sawfish-ct/poinciana/fl/34759/644909/ - parse
[2022-10-01 22:40:11] https://rentprogress.com/property-details/8042-brookeshire-dr/lakeland/fl/33809/929217/ - parse
[2022-10-01 22:40:11] https://rentprogress.com/property-details/1919-drum-dr--12/poinciana/fl/34759/756786/ - parse
[2022-10-01 22:40:11] https://rentprogress.com/property-details/8067-brookeshire-dr/lakeland/fl/33809/926310/ - parse
[2022-10-01 22:40:11] https://rentprogress.com/property-details/36920-bear-branch/dade-city/fl/33525/3366293/ - parse
[2022-10-01 22:40:12] https://rentprogress.com/property-details/1733-minnow-ct/poinciana/fl/34759/892296/ - parse
[2022-10-01 22:40:12] https://rentprogress.com/property-details/9707-highland-ridge-dr/hudson/fl/34667/316330/ - parse
[2022-10-01 22:40:12] https://rentprogress.com/property-details/1424-kissimmee-ct/kissimmee/fl/34759/932271/ - parse
[2022-10-01 22:40:12] https://rentprogress.com/property-details/2459-hamlet-cir/lakeland/fl/33810/90001474/ - parse
[2022-10-01 22:40:13] https://rentprogress.com/property-details/36394-river-reed-loop/dade-city/fl/33525/3366244/ - parse
[2022-10-01 22:40:13] https://rentprogress.com/property-details/36457-river-reed-loop/dade-city/fl/33525/3366259/ - parse
[2022-10-01 22:40:13] https://rentprogress.com/property-details/10139-silver-bluff-dr/leesburg/fl/34788/653933/ - parse
[2022-10-01 22:40:13] https://rentprogress.com/property-details/308-flint-street/haines-city/fl/33844/301067/ - parse
[2022-10-01 22:40:13] https://rentprogress.com/property-details/36650-river-reed-loop/dade-city/fl/33525/3366224/ - parse
[2022-10-01 22:40:14] https://rentprogress.com/property-details/36484-river-reed-loop/dade-city/fl/33525/3366234/ - parse
[2022-10-01 22:40:14] https://rentprogress.com/property-details/11330-lake-dr/leesburg/fl/34788/917397/ - parse
[2022-10-01 22:40:14] https://rentprogress.com/property-details/1810-torrington-dr/mascotte/fl/34753/90000224/ - parse
[2022-10-01 22:40:14] https://rentprogress.com/property-details/3310-mahogany-pointe-loop/lakeland/fl/33810/904904/ - parse
[2022-10-01 22:40:15] https://rentprogress.com/property-details/634-robin-ln/poinciana/fl/34759/920423/ - parse
[2022-10-01 22:40:15] https://rentprogress.com/property-details/426-mallard-ln/poinciana/fl/34759/920256/ - parse
[2022-10-01 22:40:15] https://rentprogress.com/property-details/7607-canterbury-cir/lakeland/fl/33810/889981/ - parse
[2022-10-01 22:40:16] https://rentprogress.com/property-details/12223-shadow-ridge-blvd/hudson/fl/34669/165296/ - parse
[2022-10-01 22:40:16] https://rentprogress.com/property-details/459-flamingo-ct/kissimmee/fl/34759/894051/ - parse
[2022-10-01 22:40:16] https://rentprogress.com/property-details/7545-jessamine-dr/lakeland/fl/33810/923922/ - parse
[2022-10-01 22:40:16] https://rentprogress.com/property-details/421-eagle-dr/poinciana/fl/34759/866884/ - parse
[2022-10-01 22:40:16] https://rentprogress.com/property-details/701-pelican-ct/kissimmee/fl/34759/937638/ - parse
[2022-10-01 22:40:17] https://rentprogress.com/property-details/2490-founder-st/deltona/fl/32738/2630315/ - parse
[2022-10-01 22:40:17] https://rentprogress.com/property-details/13514-old-florida-cir/hudson/fl/34669/157127/ - parse
[2022-10-01 22:40:17] https://rentprogress.com/property-details/5025-yellowtop-loop/lakeland/fl/33811/280215/ - parse
[2022-10-01 22:40:17] https://rentprogress.com/property-details/718-martin-ln/kissimmee/fl/34759/845767/ - parse
[2022-10-01 22:40:17] https://rentprogress.com/property-details/4093-festival-pointe-blvd/mulberry/fl/33860/901494/ - parse
[2022-10-01 22:40:18] https://rentprogress.com/property-details/717-martin-ln/kissimmee/fl/34759/868300/ - parse
[2022-10-01 22:40:18] https://rentprogress.com/property-details/544-dove-ct/kissimmee/fl/34759/895334/ - parse
[2022-10-01 22:40:18] https://rentprogress.com/property-details/12448-ridgedale-dr/hudson/fl/34669/157036/ - parse
[2022-10-01 22:40:18] https://rentprogress.com/property-details/5169-ashwood-dr/lakeland/fl/33811/932957/ - parse
[2022-10-01 22:40:19] https://rentprogress.com/property-details/611-muskrat-dr/kissimmee/fl/34759/890570/ - parse
[2022-10-01 22:40:19] https://rentprogress.com/property-details/537-tortola-ave/tavares/fl/32778/877554/ - parse
[2022-10-01 22:40:19] https://rentprogress.com/property-details/13219-old-florida-cir/hudson/fl/34669/917510/ - parse
[2022-10-01 22:40:19] https://rentprogress.com/property-details/4461-treasure-cay-rd/tavares/fl/32778/172875/ - parse
[2022-10-01 22:40:19] https://rentprogress.com/property-details/11923-colony-lakes-blvd/new-port-richey/fl/34654/155066/ - parse
[2022-10-01 22:40:20] https://rentprogress.com/property-details/749-palaiseau-ct/kissimmee/fl/34759/644920/ - parse
[2022-10-01 22:40:20] https://rentprogress.com/property-details/3245-merlot-dr/lakeland/fl/33811/924843/ - parse
[2022-10-01 22:40:20] https://rentprogress.com/property-details/16716-caracara-ct/spring-hill/fl/34610/157842/ - parse
[2022-10-01 22:40:20] https://rentprogress.com/property-details/7801-merchantville-cir/zephyrhills/fl/33540/550199/ - parse
[2022-10-01 22:40:20] https://rentprogress.com/property-details/4661-marsh-harbor-dr/tavares/fl/32778/623206/ - parse
[2022-10-01 22:40:21] https://rentprogress.com/property-details/5653-alexander-springs-place/lakeland/fl/33811/3367288/ - parse
[2022-10-01 22:40:21] https://rentprogress.com/property-details/12385-chaya-ct/spring-hill/fl/34610/877057/ - parse
[2022-10-01 22:40:21] https://rentprogress.com/property-details/7516-bramblewood-dr/port-richey/fl/34668/677748/ - parse
[2022-10-01 22:40:21] https://rentprogress.com/property-details/1098-bluegrass-dr/groveland/fl/34736/217853/ - parse
[2022-10-01 22:40:21] https://rentprogress.com/property-details/4770-abaco-dr/tavares/fl/32778/465133/ - parse
[2022-10-01 22:40:22] https://rentprogress.com/property-details/650-reindeer-dr/kissimmee/fl/34759/893796/ - parse
[2022-10-01 22:40:22] https://rentprogress.com/property-details/3977-white-ibis-rd/lakeland/fl/33811/936854/ - parse
[2022-10-01 22:40:22] https://rentprogress.com/property-details/1118-orne-ct/kissimmee/fl/34759/644855/ - parse
[2022-10-01 22:40:22] https://rentprogress.com/property-details/5531-arlington-river-dr/lakeland/fl/33811/914082/ - parse
[2022-10-01 22:40:22] https://rentprogress.com/property-details/661-reindeer-dr/poinciana/fl/34759/943804/ - parse
[2022-10-01 22:40:23] https://rentprogress.com/property-details/542-koala-dr/poinciana/fl/34759/919055/ - parse
[2022-10-01 22:40:23] https://rentprogress.com/property-details/7930-bergen-ct/new-port-richey/fl/34653/319237/ - parse
[2022-10-01 22:40:23] https://rentprogress.com/property-details/931-louvre-ct/kissimmee/fl/34759/904042/ - parse
[2022-10-01 22:40:24] https://rentprogress.com/property-details/806-albi-ct/kissimmee/fl/34759/644927/ - parse
[2022-10-01 22:40:24] https://rentprogress.com/property-details/7128-planza-ct/new-port-richey/fl/34653/675215/ - parse
[2022-10-01 22:40:24] https://rentprogress.com/property-details/11123-oyster-bay-cir/new-port-richey/fl/34654/2007454/ - parse
[2022-10-01 22:40:24] https://rentprogress.com/property-details/907-cannes-dr/kissimmee/fl/34759/839632/ - parse
[2022-10-01 22:40:24] https://rentprogress.com/property-details/6714-atis-st/new-port-richey/fl/34653/756673/ - parse
[2022-10-01 22:40:25] https://rentprogress.com/property-details/3372-landing-view/tavares/fl/32778/913082/ - parse
[2022-10-01 22:40:25] https://rentprogress.com/property-details/2141-kendall-ct/deltona/fl/32738/677431/ - parse
[2022-10-01 22:40:25] https://rentprogress.com/property-details/35130-white-water-lily-way/zephyrhills/fl/33541/3371287/ - parse
[2022-10-01 22:40:25] https://rentprogress.com/property-details/35166-white-water-lily-way/zephyrhills/fl/33541/3371292/ - parse
[2022-10-01 22:40:25] https://rentprogress.com/property-details/35174-white-water-lily-way/zephyrhills/fl/33541/3371289/ - parse
[2022-10-01 22:40:26] https://rentprogress.com/property-details/2109-tealwood-cir/tavares/fl/32778/275112/ - parse
[2022-10-01 22:40:26] https://rentprogress.com/property-details/1910-virginia-ave/eustis/fl/32726/863512/ - parse
[2022-10-01 22:40:26] https://rentprogress.com/property-details/2142-sandridge-cir/eustis/fl/32726/90000209/ - parse
[2022-10-01 22:40:26] https://rentprogress.com/property-details/35464-white-water-lily-way/zephyrhills/fl/33541/3371283/ - parse
[2022-10-01 22:40:27] https://rentprogress.com/property-details/35324-white-water-lily-way/zephyrhills/fl/33541/3391072/ - parse
[2022-10-01 22:40:27] https://rentprogress.com/property-details/531-bluff-pass-dr/eustis/fl/32726/843229/ - parse
[2022-10-01 22:40:27] https://rentprogress.com/property-details/35312-white-water-lily-way/zephyrhills/fl/33541/3391069/ - parse
[2022-10-01 22:40:27] https://rentprogress.com/property-details/108-pine-bark-way/kissimmee/fl/34758/672197/ - parse
[2022-10-01 22:40:27] https://rentprogress.com/property-details/11027-kenmore-dr/new-port-richey/fl/34654/150277/ - parse
[2022-10-01 22:40:28] https://rentprogress.com/property-details/7017-cupseed-ln/harmony/fl/34773/659361/ - parse
[2022-10-01 22:40:28] https://rentprogress.com/property-details/1116-kenway-ave/deltona/fl/32738/687127/ - parse
[2022-10-01 22:40:28] https://rentprogress.com/property-details/468-acacia-tree-way/kissimmee/fl/34758/831741/ - parse
[2022-10-01 22:40:28] https://rentprogress.com/property-details/35055-daisy-meadow-loop/zephyrhills/fl/33541/3367558/ - parse
[2022-10-01 22:40:28] https://rentprogress.com/property-details/10130-perthshire-cir/land-o-lakes/fl/34638/519376/ - parse
[2022-10-01 22:40:29] https://rentprogress.com/property-details/18923-parapet-pl/land-o-lakes/fl/34638/131243/ - parse
[2022-10-01 22:40:29] https://rentprogress.com/property-details/9627-maxson-dr/land-o-lakes/fl/34638/236346/ - parse
[2022-10-01 22:40:29] https://rentprogress.com/property-details/2662-winchester-cir/eustis/fl/32726/890476/ - parse
[2022-10-01 22:40:29] https://rentprogress.com/property-details/423-britten-dr/kissimmee/fl/34758/918338/ - parse
[2022-10-01 22:40:29] https://rentprogress.com/property-details/18108-cypress-bay-pkwy/land-o-lakes/fl/34638/57378/ - parse
[2022-10-01 22:40:30] https://rentprogress.com/property-details/3991-hillingdon-rd/tavares/fl/32778/920783/ - parse
[2022-10-01 22:40:30] https://rentprogress.com/property-details/30551-annadale-dr/wesley-chapel/fl/33545/90001350/ - parse
[2022-10-01 22:40:30] https://rentprogress.com/property-details/30441-annadale-dr/wesley-chapel/fl/33545/138116/ - parse
[2022-10-01 22:40:30] https://rentprogress.com/property-details/437-brookfield-dr/kissimmee/fl/34758/397427/ - parse
[2022-10-01 22:40:30] https://rentprogress.com/property-details/9243-wellstone-dr/land-o-lakes/fl/34638/942145/ - parse
[2022-10-01 22:40:31] https://rentprogress.com/property-details/60-altera-ct/kissimmee/fl/34758/893720/ - parse
[2022-10-01 22:40:31] https://rentprogress.com/property-details/1064-remington-ave/eustis/fl/32726/775638/ - parse
[2022-10-01 22:40:31] https://rentprogress.com/property-details/5446-passing-pine-ln/zephyrhills/fl/33541/141085/ - parse
[2022-10-01 22:40:31] https://rentprogress.com/property-details/7629-outerbridge-st/zephyrhills/fl/33545/139823/ - parse
[2022-10-01 22:40:31] https://rentprogress.com/property-details/4696-huron-bay-cir/kissimmee/fl/34759/137926/ - parse
[2022-10-01 22:40:32] https://rentprogress.com/property-details/2353-bracknell-forest-trl/tavares/fl/32778/936286/ - parse
[2022-10-01 22:40:32] https://rentprogress.com/property-details/365-alegriano-ct/kissimmee/fl/34758/839249/ - parse
[2022-10-01 22:40:32] https://rentprogress.com/property-details/4726-whitetail-ln/new-port-richey/fl/34653/167890/ - parse
[2022-10-01 22:40:32] https://rentprogress.com/property-details/34406-smart-dr/zephyrhills/fl/33541/712799/ - parse
[2022-10-01 22:40:33] https://rentprogress.com/property-details/367-alegriano-ct/kissimmee/fl/34758/862660/ - parse
[2022-10-01 22:40:33] https://rentprogress.com/property-details/5423-little-stream-ln/wesley-chapel/fl/33545/895198/ - parse
[2022-10-01 22:40:33] https://rentprogress.com/property-details/541-brighton-ct/kissimmee/fl/34758/306883/ - parse
[2022-10-01 22:40:33] https://rentprogress.com/property-details/1307-crossbow-ln/tarpon-springs/fl/34689/882815/ - parse
[2022-10-01 22:40:33] https://rentprogress.com/property-details/31143-tagus-loop/zephyrhills/fl/33545/3410619/ - parse
[2022-10-01 22:40:34] https://rentprogress.com/property-details/8220-crescent-moon-dr/new-port-richey/fl/34655/161104/ - parse
[2022-10-01 22:40:34] https://rentprogress.com/property-details/747-leonardo-ct/kissimmee/fl/34758/890390/ - parse
[2022-10-01 22:40:34] https://rentprogress.com/property-details/532-bristol-cir/kissimmee/fl/34758/918332/ - parse
[2022-10-01 22:40:34] https://rentprogress.com/property-details/632-mercado-ct/kissimmee/fl/34758/884149/ - parse
[2022-10-01 22:40:34] https://rentprogress.com/property-details/1604-stonehaven-way/tarpon-springs/fl/34689/3421194/ - parse
[2022-10-01 22:40:35] https://rentprogress.com/property-details/6226-chapel-pines-blvd/wesley-chapel/fl/33545/934517/ - parse
[2022-10-01 22:40:35] https://rentprogress.com/property-details/30234-rattana-ct/wesley-chapel/fl/33545/150911/ - parse
[2022-10-01 22:40:35] https://rentprogress.com/property-details/2708-grand-central-ave/tavares/fl/32778/943263/ - parse
[2022-10-01 22:40:35] https://rentprogress.com/property-details/602-madrid-dr/kissimmee/fl/34758/870873/ - parse
[2022-10-01 22:40:35] https://rentprogress.com/property-details/2302-bexley-dr/tavares/fl/32778/493383/ - parse
[2022-10-01 22:40:36] https://rentprogress.com/property-details/4950-whistling-pines-ct/wesley-chapel/fl/33545/108234/ - parse
[2022-10-01 22:40:36] https://rentprogress.com/property-details/521-maricopa-dr/kissimmee/fl/34758/891903/ - parse
[2022-10-01 22:40:36] https://rentprogress.com/property-details/4419-huddlestone-dr/wesley-chapel/fl/33545/133794/ - parse
[2022-10-01 22:40:36] https://rentprogress.com/property-details/30201-double-dr/wesley-chapel/fl/33544/109308/ - parse
[2022-10-01 22:40:37] https://rentprogress.com/property-details/549-symphony-pl/davenport/fl/33896/912176/ - parse
[2022-10-01 22:40:38] https://rentprogress.com/property-details/515-maricopa-dr/kissimmee/fl/34758/3203703/ - parse
[2022-10-01 22:40:38] https://rentprogress.com/property-details/117-talavera-ln/kissimmee/fl/34758/644860/ - parse
[2022-10-01 22:40:38] https://rentprogress.com/property-details/6104-sand-key-ln/wesley-chapel/fl/33545/894286/ - parse
[2022-10-01 22:40:38] https://rentprogress.com/property-details/8101-pea-tree-ct/trinity/fl/34655/124363/ - parse
[2022-10-01 22:40:38] https://rentprogress.com/property-details/7627-blue-spring-drive/land-o-lakes/fl/34637/2710083/ - parse
[2022-10-01 22:40:39] https://rentprogress.com/property-details/6035-pointe-pleasant-blvd/zephyrhills/fl/33545/90000569/ - parse
[2022-10-01 22:40:39] https://rentprogress.com/property-details/6119-sand-key-ln/wesley-chapel/fl/33545/631766/ - parse
[2022-10-01 22:40:39] https://rentprogress.com/property-details/809-toledo-ct/kissimmee/fl/34758/845486/ - parse
[2022-10-01 22:40:39] https://rentprogress.com/property-details/621-ogelthorpe-dr/davenport/fl/33897/895798/ - parse
[2022-10-01 22:40:39] https://rentprogress.com/property-details/847-pisa-ln/kissimmee/fl/34758/913009/ - parse
[2022-10-01 22:40:40] https://rentprogress.com/property-details/4001-constantine-loop/wesley-chapel/fl/33543/148235/ - parse
[2022-10-01 22:40:40] https://rentprogress.com/property-details/911-san-rafael-way/kissimmee/fl/34758/322030/ - parse
[2022-10-01 22:40:40] https://rentprogress.com/property-details/3920-constantine-loop/wesley-chapel/fl/33543/109239/ - parse
[2022-10-01 22:40:40] https://rentprogress.com/property-details/8621-hawbuck-st/trinity/fl/34655/165986/ - parse
[2022-10-01 22:40:40] https://rentprogress.com/property-details/264-magellan-dr/poinciana/fl/34758/873312/ - parse
[2022-10-01 22:40:41] https://rentprogress.com/property-details/4021-waterville-ave/wesley-chapel/fl/33543/701818/ - parse
[2022-10-01 22:40:41] https://rentprogress.com/property-details/115-keswick-ave/davenport/fl/33897/172703/ - parse
[2022-10-01 22:40:41] https://rentprogress.com/property-details/1724-strathmore-cir/mount-dora/fl/32757/524845/ - parse
[2022-10-01 22:40:41] https://rentprogress.com/property-details/193-alford-dr/davenport/fl/33896/929643/ - parse
[2022-10-01 22:40:41] https://rentprogress.com/property-details/27921-pleasure-ride-loop/wesley-chapel/fl/33544/2934487/ - parse
[2022-10-01 22:40:42] https://rentprogress.com/property-details/3317-wellborn-dr/davenport/fl/33897/929708/ - parse
[2022-10-01 22:40:42] https://rentprogress.com/property-details/1314-friend-ave/clearwater/fl/33756/3363756/ - parse
[2022-10-01 22:40:42] https://rentprogress.com/property-details/1709-pink-guara-ct/trinity/fl/34655/97968/ - parse
[2022-10-01 22:40:42] https://rentprogress.com/property-details/108-durham-pl/kissimmee/fl/34758/644849/ - parse
[2022-10-01 22:40:42] https://rentprogress.com/property-details/2020-donnelly-pl/mount-dora/fl/32757/323425/ - parse
[2022-10-01 22:40:43] https://rentprogress.com/property-details/22753-beltrees-ct/land-o-lakes/fl/34639/128223/ - parse
[2022-10-01 22:40:43] https://rentprogress.com/property-details/10739-eveningwood-ct/new-port-richey/fl/34655/2870028/ - parse
[2022-10-01 22:40:43] https://rentprogress.com/property-details/23806-companero-dr/sorrento/fl/32776/845618/ - parse
[2022-10-01 22:40:43] https://rentprogress.com/property-details/4569-big-island-dr/kissimmee/fl/34746/375503/ - parse
[2022-10-01 22:40:44] https://rentprogress.com/property-details/30801-tremont-dr/zephyrhills/fl/33543/131621/ - parse
[2022-10-01 22:40:44] https://rentprogress.com/property-details/515-lindsay-anne-ct/plant-city/fl/33563/893027/ - parse
[2022-10-01 22:40:44] https://rentprogress.com/property-details/1848-sereno-dr/davenport/fl/33896/900138/ - parse
[2022-10-01 22:40:44] https://rentprogress.com/property-details/4634-baymoor-dr/kissimmee/fl/34758/833503/ - parse
[2022-10-01 22:40:44] https://rentprogress.com/property-details/3642-fyfield-ct/land-o-lakes/fl/34638/874165/ - parse
[2022-10-01 22:40:45] https://rentprogress.com/property-details/3732-forest-park-pl/land-o-lakes/fl/34639/170837/ - parse
[2022-10-01 22:40:45] https://rentprogress.com/property-details/3206-bellericay-ln/land-o-lakes/fl/34638/890019/ - parse
[2022-10-01 22:40:45] https://rentprogress.com/property-details/3108-linton-rd/kissimmee/fl/34758/915884/ - parse
[2022-10-01 22:40:45] https://rentprogress.com/property-details/1978-marabou-dr/davenport/fl/33896/934724/ - parse
[2022-10-01 22:40:45] https://rentprogress.com/property-details/4873-ashurst-st/kissimmee/fl/34758/879247/ - parse
[2022-10-01 22:40:46] https://rentprogress.com/property-details/2169-sequoia-way/davenport/fl/33896/895655/ - parse
[2022-10-01 22:40:46] https://rentprogress.com/property-details/25406-seven-rivers-cir/land-o-lakes/fl/34639/865943/ - parse
[2022-10-01 22:40:46] https://rentprogress.com/property-details/5490-silver-thistle-ln/saint-cloud/fl/34772/846450/ - parse
[2022-10-01 22:40:47] https://rentprogress.com/property-details/17126-falconridge-rd/lithia/fl/33547/74560/ - parse
[2022-10-01 22:40:47] https://rentprogress.com/property-details/2837-mingo-dr/land-o-lakes/fl/34638/134471/ - parse
[2022-10-01 22:40:47] https://rentprogress.com/property-details/1730-point-o-woods-ct/mount-dora/fl/32757/321576/ - parse
[2022-10-01 22:40:47] https://rentprogress.com/property-details/17345-bumblebee-pass/land-o-lakes/fl/34638/303338/ - parse
[2022-10-01 22:40:48] https://rentprogress.com/property-details/5231-silver-thistle-ln/saint-cloud/fl/34772/933093/ - parse
[2022-10-01 22:40:48] https://rentprogress.com/property-details/681-brown-bear-ct/saint-cloud/fl/34772/124814/ - parse
[2022-10-01 22:40:48] https://rentprogress.com/property-details/6154-kiteridge-dr/lithia/fl/33547/319871/ - parse
[2022-10-01 22:40:48] https://rentprogress.com/property-details/3024-aernal-ct/land-o-lakes/fl/34639/808358/ - parse
[2022-10-01 22:40:48] https://rentprogress.com/property-details/1231-loretto-cir/odessa/fl/33556/136942/ - parse
[2022-10-01 22:40:49] https://rentprogress.com/property-details/22646-hawk-hill-loop/land-o-lakes/fl/34639/141525/ - parse
[2022-10-01 22:40:49] https://rentprogress.com/property-details/2959-elbib-dr/saint-cloud/fl/34772/229985/ - parse
[2022-10-01 22:40:49] https://rentprogress.com/property-details/913-coastal-hammock-ave/ruskin/fl/33570/589848/ - parse
[2022-10-01 22:40:49] https://rentprogress.com/property-details/3209-olivia-breeze-dr/kissimmee/fl/34746/732003/ - parse
[2022-10-01 22:40:50] https://rentprogress.com/property-details/2332-natoma-blvd/mount-dora/fl/32757/905414/ - parse
[2022-10-01 22:40:50] https://rentprogress.com/property-details/1128-windy-bluff-dr/minneola/fl/34715/108574/ - parse
[2022-10-01 22:40:50] https://rentprogress.com/property-details/29247-crossland-dr/wesley-chapel/fl/33543/459598/ - parse
[2022-10-01 22:40:50] https://rentprogress.com/property-details/1206-humble-haven-st/ruskin/fl/33570/329357/ - parse
[2022-10-01 22:40:50] https://rentprogress.com/property-details/4740-petal-pawpaw-lane/saint-cloud/fl/34772/304425/ - parse
[2022-10-01 22:40:51] https://rentprogress.com/property-details/5537-willow-bend-trl/kissimmee/fl/34758/901214/ - parse
[2022-10-01 22:40:51] https://rentprogress.com/property-details/1056-ribbon-grass-loop/ruskin/fl/33570/3414616/ - parse
[2022-10-01 22:40:51] https://rentprogress.com/property-details/10525-reagans-run-dr/clermont/fl/34711/47659/ - parse
[2022-10-01 22:40:51] https://rentprogress.com/property-details/851-ribbon-grass-loop/ruskin/fl/33570/3382447/ - parse
[2022-10-01 22:40:51] https://rentprogress.com/property-details/861-ribbon-grass-loop/ruskin/fl/33570/3396357/ - parse
[2022-10-01 22:40:52] https://rentprogress.com/property-details/2508-sage-dr/kissimmee/fl/34758/750665/ - parse
[2022-10-01 22:40:52] https://rentprogress.com/property-details/5609-escalante-canyon-dr/kissimmee/fl/34758/614196/ - parse
[2022-10-01 22:40:52] https://rentprogress.com/property-details/1072-ribbon-grass-loop/ruskin/fl/33570/3414621/ - parse
[2022-10-01 22:40:52] https://rentprogress.com/property-details/1037-ribbon-grass-loop/ruskin/fl/33570/3414613/ - parse
[2022-10-01 22:40:53] https://rentprogress.com/property-details/5652-sycamore-canyon-dr/kissimmee/fl/34758/420617/ - parse
[2022-10-01 22:40:53] https://rentprogress.com/property-details/632-brooke-ct/clermont/fl/34711/917484/ - parse
[2022-10-01 22:40:53] https://rentprogress.com/property-details/1063-ribbon-grass-loop/ruskin/fl/33570/3414620/ - parse
[2022-10-01 22:40:53] https://rentprogress.com/property-details/1071-ribbon-grass-loop/ruskin/fl/33570/3414617/ - parse
[2022-10-01 22:40:53] https://rentprogress.com/property-details/2774-eagle-canyon-drive-s/kissimmee/fl/34746/169911/ - parse
[2022-10-01 22:40:54] https://rentprogress.com/property-details/1079-ribbon-grass-loop/ruskin/fl/33570/3414612/ - parse
[2022-10-01 22:40:54] https://rentprogress.com/property-details/717-modena-st/saint-cloud/fl/34769/823042/ - parse
[2022-10-01 22:40:54] https://rentprogress.com/property-details/2153-blackstone-landing-dr/kissimmee/fl/34758/567679/ - parse
[2022-10-01 22:40:54] https://rentprogress.com/property-details/1089-ribbon-grass-loop/ruskin/fl/33570/3414625/ - parse
[2022-10-01 22:40:54] https://rentprogress.com/property-details/820-shore-breeze-way/minneola/fl/34715/314498/ - parse
[2022-10-01 22:40:55] https://rentprogress.com/property-details/1804-tinsmith-cir/lutz/fl/33559/910849/ - parse
[2022-10-01 22:40:55] https://rentprogress.com/property-details/16036-dorchester-blvd/clermont/fl/34714/877357/ - parse
[2022-10-01 22:40:55] https://rentprogress.com/property-details/5674-western-sun-dr/saint-cloud/fl/34771/585764/ - parse
[2022-10-01 22:40:55] https://rentprogress.com/property-details/15417-key-breeze-pl/wimauma/fl/33598/899027/ - parse
[2022-10-01 22:40:55] https://rentprogress.com/property-details/407-britton-shores-ct/ruskin/fl/33570/866921/ - parse
[2022-10-01 22:40:56] https://rentprogress.com/property-details/5122-tempic-dr/mount-dora/fl/32757/703709/ - parse
[2022-10-01 22:40:56] https://rentprogress.com/property-details/15647-autumn-glen-ave/clermont/fl/34714/138702/ - parse
[2022-10-01 22:40:56] https://rentprogress.com/property-details/1840-woodcut-dr/lutz/fl/33559/173862/ - parse
[2022-10-01 22:40:56] https://rentprogress.com/property-details/6125-skylarkcrest-dr/lithia/fl/33547/55150/ - parse
[2022-10-01 22:40:56] https://rentprogress.com/property-details/16446-roaming-way/odessa/fl/33556/74551/ - parse
[2022-10-01 22:40:57] https://rentprogress.com/property-details/5722-quinton-way/mount-dora/fl/32757/550454/ - parse
[2022-10-01 22:40:57] https://rentprogress.com/property-details/17980-villa-creek-dr/tampa/fl/33647/2588377/ - parse
[2022-10-01 22:40:57] https://rentprogress.com/property-details/16246-coopers-hawk-ave/clermont/fl/34714/926467/ - parse
[2022-10-01 22:40:57] https://rentprogress.com/property-details/10219-geese-trail-cir/sun-city-center/fl/33573/915517/ - parse
[2022-10-01 22:40:58] https://rentprogress.com/property-details/4417-spring-blossom-dr/kissimmee/fl/34746/325582/ - parse
[2022-10-01 22:40:58] https://rentprogress.com/property-details/1621-coppersmith-ct/lutz/fl/33559/896132/ - parse
[2022-10-01 22:40:58] https://rentprogress.com/property-details/12025-goldenstar-ln/clermont/fl/34711/236202/ - parse
[2022-10-01 22:40:58] https://rentprogress.com/property-details/2234-majestic-eagle-cir/clermont/fl/34714/123573/ - parse
[2022-10-01 22:40:59] https://rentprogress.com/property-details/9035-iron-oak-ave/tampa/fl/33647/96560/ - parse
[2022-10-01 22:40:59] https://rentprogress.com/property-details/1600-coppersmith-ct/lutz/fl/33559/124223/ - parse
[2022-10-01 22:40:59] https://rentprogress.com/property-details/16030-green-cove-blvd/clermont/fl/34714/174418/ - parse
[2022-10-01 22:40:59] https://rentprogress.com/property-details/1010-elizabeth-ridge-ct/kissimmee/fl/34747/601472/ - parse
[2022-10-01 22:41:00] https://rentprogress.com/property-details/1839-atlantic-dr/ruskin/fl/33570/328486/ - parse
[2022-10-01 22:41:00] https://rentprogress.com/property-details/4550-ross-lanier-ln/kissimmee/fl/34758/327994/ - parse
[2022-10-01 22:41:00] https://rentprogress.com/property-details/1012-calle-rosa-pl/ruskin/fl/33573/723449/ - parse
[2022-10-01 22:41:00] https://rentprogress.com/property-details/16040-yelloweyed-dr/clermont/fl/34714/333676/ - parse
[2022-10-01 22:41:00] https://rentprogress.com/property-details/1526-baker-rd/lutz/fl/33559/907204/ - parse
[2022-10-01 22:41:01] https://rentprogress.com/property-details/2227-granger-ave/kissimmee/fl/34746/549198/ - parse
[2022-10-01 22:41:01] https://rentprogress.com/property-details/10015-geese-trail-cir/sun-city-center/fl/33573/712528/ - parse
[2022-10-01 22:41:01] https://rentprogress.com/property-details/2256-meadow-oak-circle/kissimmee/fl/34746/305867/ - parse
[2022-10-01 22:41:01] https://rentprogress.com/property-details/2004-hudson-ct/oldsmar/fl/34677/3363681/ - parse
[2022-10-01 22:41:01] https://rentprogress.com/property-details/206-elizabeth-ave/clearwater/fl/33759/2135879/ - parse
[2022-10-01 22:41:02] https://rentprogress.com/property-details/136-adoncia-way/sanford/fl/32771/699574/ - parse
[2022-10-01 22:41:02] https://rentprogress.com/property-details/913-peregrine-hill-pl/ruskin/fl/33570/540785/ - parse
[2022-10-01 22:41:02] https://rentprogress.com/property-details/728-cristelle-jean-dr/ruskin/fl/33570/909251/ - parse
[2022-10-01 22:41:02] https://rentprogress.com/property-details/147-casa-marina-pl/sanford/fl/32771/90000196/ - parse
[2022-10-01 22:41:02] https://rentprogress.com/property-details/3714-palmas-ln/ruskin/fl/33573/329803/ - parse
[2022-10-01 22:41:03] https://rentprogress.com/property-details/1001-brenton-leaf-dr/ruskin/fl/33570/828262/ - parse
[2022-10-01 22:41:03] https://rentprogress.com/property-details/432-marathon-ln/sanford/fl/32771/166728/ - parse
[2022-10-01 22:41:03] https://rentprogress.com/property-details/416-marathon-ln/sanford/fl/32771/100499/ - parse
[2022-10-01 22:41:03] https://rentprogress.com/property-details/939-brenton-leaf-dr/ruskin/fl/33570/908662/ - parse
[2022-10-01 22:41:04] https://rentprogress.com/property-details/25317-ironwedge-dr/sorrento/fl/32776/892413/ - parse
[2022-10-01 22:41:04] https://rentprogress.com/property-details/25024-chipshot-ct/mount-plymouth/fl/32776/314706/ - parse
[2022-10-01 22:41:04] https://rentprogress.com/property-details/9765-fox-hollow-rd/tampa/fl/33647/907977/ - parse
[2022-10-01 22:41:04] https://rentprogress.com/property-details/1905-broad-winged-hawk-dr/ruskin/fl/33570/894818/ - parse
[2022-10-01 22:41:04] https://rentprogress.com/property-details/1010-brenton-leaf-dr/ruskin/fl/33570/898757/ - parse
[2022-10-01 22:41:05] https://rentprogress.com/property-details/2653-vineyard-cir/sanford/fl/32771/775383/ - parse
[2022-10-01 22:41:05] https://rentprogress.com/property-details/1645-the-oaks-boulevard/kissimmee/fl/34746/301130/ - parse
[2022-10-01 22:41:05] https://rentprogress.com/property-details/909-brenton-leaf-dr/ruskin/fl/33570/788715/ - parse
[2022-10-01 22:41:06] https://rentprogress.com/property-details/508-casa-marina-pl/sanford/fl/32771/144353/ - parse
[2022-10-01 22:41:06] https://rentprogress.com/property-details/1814-elmwood-dr/oldsmar/fl/34677/756688/ - parse
[2022-10-01 22:41:06] https://rentprogress.com/property-details/25146-chipshot-ct/sorrento/fl/32776/315973/ - parse
[2022-10-01 22:41:06] https://rentprogress.com/property-details/30212-pga-dr/sorrento/fl/32776/314527/ - parse
[2022-10-01 22:41:06] https://rentprogress.com/property-details/7310-tiger-trail-ct/sun-city-center/fl/33573/346475/ - parse
[2022-10-01 22:41:06] https://rentprogress.com/property-details/2430-princeton-ave/sanford/fl/32771/839690/ - parse
[2022-10-01 22:41:06] https://rentprogress.com/property-details/2457-daffadil-ter/sanford/fl/32771/933629/ - parse
[2022-10-01 22:41:06] https://rentprogress.com/property-details/1201-sheridan-bay-dr/ruskin/fl/33570/319257/ - parse
[2022-10-01 22:41:07] https://rentprogress.com/property-details/806-fern-leaf-dr/ruskin/fl/33570/890755/ - parse
[2022-10-01 22:41:07] https://rentprogress.com/property-details/1301-harbour-blue-st/ruskin/fl/33570/333956/ - parse
[2022-10-01 22:41:07] https://rentprogress.com/property-details/588-sun-warbler-way/saint-cloud/fl/34771/858384/ - parse
[2022-10-01 22:41:08] https://rentprogress.com/property-details/2103-song-sparrow-ct/ruskin/fl/33570/324234/ - parse
[2022-10-01 22:41:08] https://rentprogress.com/property-details/2801-regency-oak-ln/orlando/fl/32833/842234/ - parse
[2022-10-01 22:41:08] https://rentprogress.com/property-details/419-janice-kay-place/kissimmee/fl/34744/310304/ - parse
[2022-10-01 22:41:08] https://rentprogress.com/property-details/2943-lyndscape-st/orlando/fl/32833/574499/ - parse
[2022-10-01 22:41:09] https://rentprogress.com/property-details/338-placid-lake-dr/sanford/fl/32773/480366/ - parse
[2022-10-01 22:41:09] https://rentprogress.com/property-details/904-parker-den-dr/ruskin/fl/33570/853226/ - parse
[2022-10-01 22:41:09] https://rentprogress.com/property-details/10526-carloway-hills-dr/wimauma/fl/33598/914820/ - parse
[2022-10-01 22:41:09] https://rentprogress.com/property-details/7204-ozello-trail-ave/sun-city-center/fl/33573/548276/ - parse
[2022-10-01 22:41:09] https://rentprogress.com/property-details/2659-cahill-way/lake-mary/fl/32746/302886/ - parse
[2022-10-01 22:41:09] https://rentprogress.com/property-details/15720-spice-key-st/sun-city-center/fl/33573/354775/ - parse
[2022-10-01 22:41:10] https://rentprogress.com/property-details/1131-seminole-sky-dr/ruskin/fl/33570/907200/ - parse
[2022-10-01 22:41:10] https://rentprogress.com/property-details/14427-haddon-mist-dr/wimauma/fl/33598/838488/ - parse
[2022-10-01 22:41:11] https://rentprogress.com/property-details/2518-brookstone-dr/kissimmee/fl/34744/936134/ - parse
[2022-10-01 22:41:11] https://rentprogress.com/property-details/15516-long-cypress-dr/ruskin/fl/33573/874806/ - parse
[2022-10-01 22:41:11] https://rentprogress.com/property-details/251-southbridge-cir/kissimmee/fl/34744/611684/ - parse
[2022-10-01 22:41:11] https://rentprogress.com/property-details/143-southampton-dr/kissimmee/fl/34744/338366/ - parse
[2022-10-01 22:41:11] https://rentprogress.com/property-details/15468-broad-brush-dr/sun-city-center/fl/33573/870116/ - parse
[2022-10-01 22:41:11] https://rentprogress.com/property-details/3226-egrets-landing-dr/lake-mary/fl/32746/54500/ - parse
[2022-10-01 22:41:12] https://rentprogress.com/property-details/2920-egrets-landing-dr/lake-mary/fl/32746/147851/ - parse
[2022-10-01 22:41:12] https://rentprogress.com/property-details/122-winding-ridge-dr/sanford/fl/32773/719142/ - parse
[2022-10-01 22:41:13] https://rentprogress.com/property-details/1737-chatham-green-cir/ruskin/fl/33570/827863/ - parse
[2022-10-01 22:41:13] https://rentprogress.com/property-details/12314-eagle-swoop-pl/riverview/fl/33579/765724/ - parse
[2022-10-01 22:41:13] https://rentprogress.com/property-details/11828-blackeyed-susan-dr/riverview/fl/33579/908408/ - parse
[2022-10-01 22:41:13] https://rentprogress.com/property-details/2832-breezy-meadow-rd/apopka/fl/32712/2130315/ - parse
[2022-10-01 22:41:13] https://rentprogress.com/property-details/1825-harbour-blue-street/ruskin/fl/33570/305484/ - parse
[2022-10-01 22:41:14] https://rentprogress.com/property-details/1356-boulder-dr/kissimmee/fl/34744/827244/ - parse
[2022-10-01 22:41:14] https://rentprogress.com/property-details/1707-alhambra-crest-dr/ruskin/fl/33570/232198/ - parse
[2022-10-01 22:41:14] https://rentprogress.com/property-details/2202-cypress-knee-loop/kissimme/fl/34743/2962689/ - parse
[2022-10-01 22:41:14] https://rentprogress.com/property-details/1317-pasadena-bloom-ln/ruskin/fl/33570/923527/ - parse
[2022-10-01 22:41:15] https://rentprogress.com/property-details/7545-turtle-view-dr/ruskin/fl/33573/830029/ - parse
[2022-10-01 22:41:15] https://rentprogress.com/property-details/10638-standing-stone-dr/wimauma/fl/33598/871819/ - parse
[2022-10-01 22:41:15] https://rentprogress.com/property-details/2511-shelby-cir/kissimmee/fl/34743/233136/ - parse
[2022-10-01 22:41:15] https://rentprogress.com/property-details/100-bluebrook-ct/oviedo/fl/32766/637773/ - parse
[2022-10-01 22:41:15] https://rentprogress.com/property-details/2933-hunters-ln/oviedo/fl/32766/168019/ - parse
[2022-10-01 22:41:15] https://rentprogress.com/property-details/924-wynnmere-walk-ave/ruskin/fl/33570/863613/ - parse
[2022-10-01 22:41:15] https://rentprogress.com/property-details/1441-wendy-ct/kissimmee/fl/34744/319225/ - parse
[2022-10-01 22:41:16] https://rentprogress.com/property-details/1220-twin-rivers-blvd/oviedo/fl/32766/637771/ - parse
[2022-10-01 22:41:16] https://rentprogress.com/property-details/827-chatham-walk-dr/ruskin/fl/33570/790406/ - parse
[2022-10-01 22:41:16] https://rentprogress.com/property-details/3210-tomahawk-dr/kissimmee/fl/34746/452854/ - parse
[2022-10-01 22:41:17] https://rentprogress.com/property-details/7334-lumber-port-dr/ruskin/fl/33573/235967/ - parse
[2022-10-01 22:41:17] https://rentprogress.com/property-details/15411-auburn-woods-ln/sun-city-center/fl/33573/901566/ - parse
[2022-10-01 22:41:17] https://rentprogress.com/property-details/15419-quail-woods-pl/ruskin/fl/33573/406672/ - parse
[2022-10-01 22:41:17] https://rentprogress.com/property-details/2071-sawgrass-dr/apopka/fl/32712/166478/ - parse
[2022-10-01 22:41:17] https://rentprogress.com/property-details/5243-white-chicory-dr/apollo-beach/fl/33572/612644/ - parse
[2022-10-01 22:41:17] https://rentprogress.com/property-details/5135-clover-mist-dr/apollo-beach/fl/33572/760261/ - parse
[2022-10-01 22:41:18] https://rentprogress.com/property-details/461-wellesly-st/oviedo/fl/32765/540848/ - parse
[2022-10-01 22:41:18] https://rentprogress.com/property-details/6312-trent-creek-dr/sun-city-center/fl/33573/837869/ - parse
[2022-10-01 22:41:18] https://rentprogress.com/property-details/2784-woodstream-cir/kissimmee/fl/34743/868712/ - parse
[2022-10-01 22:41:18] https://rentprogress.com/property-details/4053-longworth-loop/kissimmee/fl/34744/274851/ - parse
[2022-10-01 22:41:19] https://rentprogress.com/property-details/8519-parrots-landing-dr/tampa/fl/33647/97576/ - parse
[2022-10-01 22:41:19] https://rentprogress.com/property-details/1546-lake-marion-dr/apopka/fl/32712/272145/ - parse
[2022-10-01 22:41:19] https://rentprogress.com/property-details/6403-trent-creek-dr/ruskin/fl/33573/327812/ - parse
[2022-10-01 22:41:19] https://rentprogress.com/property-details/2847-middleton-cir/kissimmee/fl/34743/496565/ - parse
[2022-10-01 22:41:20] https://rentprogress.com/property-details/6411-trent-creek-dr/sun-city-center/fl/33573/526424/ - parse
[2022-10-01 22:41:20] https://rentprogress.com/property-details/1449-madison-ivy-cir/apopka/fl/32712/230494/ - parse
[2022-10-01 22:41:20] https://rentprogress.com/property-details/386-amethyst-court/lake-mary/fl/32746/302647/ - parse
[2022-10-01 22:41:20] https://rentprogress.com/property-details/5215-butterfly-shell-dr/apollo-beach/fl/33572/854315/ - parse
[2022-10-01 22:41:20] https://rentprogress.com/property-details/3019-rob-way/kissimmee/fl/34743/314211/ - parse
[2022-10-01 22:41:21] https://rentprogress.com/property-details/1092-manigan-ave/oviedo/fl/32765/164753/ - parse
[2022-10-01 22:41:21] https://rentprogress.com/property-details/10026-newminster-loop/ruskin/fl/33573/914543/ - parse
[2022-10-01 22:41:21] https://rentprogress.com/property-details/1098-manigan-ave/oviedo/fl/32765/172386/ - parse
[2022-10-01 22:41:22] https://rentprogress.com/property-details/10141-celtic-ash-dr/ruskin/fl/33573/888544/ - parse
[2022-10-01 22:41:22] https://rentprogress.com/property-details/1336-dragon-head-dr/valrico/fl/33594/277969/ - parse
[2022-10-01 22:41:22] https://rentprogress.com/property-details/4705-dragon-tail-ct/valrico/fl/33594/902393/ - parse
[2022-10-01 22:41:22] https://rentprogress.com/property-details/1356-honey-rd/apopka/fl/32712/156705/ - parse
[2022-10-01 22:41:22] https://rentprogress.com/property-details/321-alba-ln/lake-mary/fl/32746/273201/ - parse
[2022-10-01 22:41:22] https://rentprogress.com/property-details/2512-groveway-dr/valrico/fl/33596/110531/ - parse
[2022-10-01 22:41:23] https://rentprogress.com/property-details/4621-tucson-ct/valrico/fl/33594/903514/ - parse
[2022-10-01 22:41:23] https://rentprogress.com/property-details/87-w-cedarwood-cir/kissimmee/fl/34743/896587/ - parse
[2022-10-01 22:41:23] https://rentprogress.com/property-details/3066-cameron-dr/kissimmee/fl/34743/321115/ - parse
[2022-10-01 22:41:23] https://rentprogress.com/property-details/11132-golden-silence-dr/riverview/fl/33579/836251/ - parse
[2022-10-01 22:41:23] https://rentprogress.com/property-details/13032-avalon-crest-court/riverview/fl/33579/306240/ - parse
[2022-10-01 22:41:24] https://rentprogress.com/property-details/9646-lemon-drop-loop/ruskin/fl/33573/921882/ - parse
[2022-10-01 22:41:24] https://rentprogress.com/property-details/985-eagles-forrest-dr/apopka/fl/32712/160490/ - parse
[2022-10-01 22:41:24] https://rentprogress.com/property-details/1133-covington-st/oviedo/fl/32765/310406/ - parse
[2022-10-01 22:41:24] https://rentprogress.com/property-details/1968-downs-ct/lake-mary/fl/32746/757060/ - parse
[2022-10-01 22:41:25] https://rentprogress.com/property-details/4132-moreland-dr/valrico/fl/33596/767444/ - parse
[2022-10-01 22:41:25] https://rentprogress.com/property-details/11719-summer-springs-dr/riverview/fl/33579/156800/ - parse
[2022-10-01 22:41:25] https://rentprogress.com/property-details/1031-covington-st/oviedo/fl/32765/885742/ - parse
[2022-10-01 22:41:25] https://rentprogress.com/property-details/600-silver-birch-pl/longwood/fl/32750/936855/ - parse
[2022-10-01 22:41:26] https://rentprogress.com/property-details/13212-cherry-bark-cir/riverview/fl/33579/161025/ - parse
[2022-10-01 22:41:26] https://rentprogress.com/property-details/4709-fiske-cir/orlando/fl/32826/913245/ - parse
[2022-10-01 22:41:26] https://rentprogress.com/property-details/314-summer-sails-dr/valrico/fl/33594/90000724/ - parse
[2022-10-01 22:41:26] https://rentprogress.com/property-details/568-doe-cove-pl/apopka/fl/32703/414516/ - parse
[2022-10-01 22:41:26] https://rentprogress.com/property-details/457-summer-sails-dr/valrico/fl/33594/260318/ - parse
[2022-10-01 22:41:26] https://rentprogress.com/property-details/11034-golden-silence-dr/riverview/fl/33579/321863/ - parse
[2022-10-01 22:41:26] https://rentprogress.com/property-details/1006-burnett-st/oviedo/fl/32765/231627/ - parse
[2022-10-01 22:41:27] https://rentprogress.com/property-details/1074-abell-cir/oviedo/fl/32765/139010/ - parse
[2022-10-01 22:41:27] https://rentprogress.com/property-details/1658-algonkin-loop/orlando/fl/32828/36452/ - parse
[2022-10-01 22:41:27] https://rentprogress.com/property-details/3906-penrod-ln/valrico/fl/33596/892712/ - parse
[2022-10-01 22:41:28] https://rentprogress.com/property-details/4011-quail-briar-dr/valrico/fl/33596/235245/ - parse
[2022-10-01 22:41:28] https://rentprogress.com/property-details/11019-golden-silence-dr/riverview/fl/33579/148720/ - parse
[2022-10-01 22:41:28] https://rentprogress.com/property-details/11012-golden-silence-dr/riverview/fl/33579/898156/ - parse
[2022-10-01 22:41:28] https://rentprogress.com/property-details/2206-wyndam-way/kissimmee/fl/34743/279158/ - parse
[2022-10-01 22:41:28] https://rentprogress.com/property-details/14527-lake-price-dr/orlando/fl/32826/577120/ - parse
[2022-10-01 22:41:29] https://rentprogress.com/property-details/1008-albamonte-ct/oviedo/fl/32765/165122/ - parse
[2022-10-01 22:41:29] https://rentprogress.com/property-details/2302-kenwick-dr/valrico/fl/33596/130701/ - parse
[2022-10-01 22:41:29] https://rentprogress.com/property-details/9394-flow-cottonwood-rd-unit-58/orlando/fl/32832/686812/ - parse
[2022-10-01 22:41:29] https://rentprogress.com/property-details/2646-queen-alberta-dr/valrico/fl/33596/920519/ - parse
[2022-10-01 22:41:29] https://rentprogress.com/property-details/14624-lady-victoria-blvd/orlando/fl/32826/337410/ - parse
[2022-10-01 22:41:30] https://rentprogress.com/property-details/10418-river-bream-dr/riverview/fl/33569/916678/ - parse
[2022-10-01 22:41:30] https://rentprogress.com/property-details/1725-elmstead-ct/orlando/fl/32824/127079/ - parse
[2022-10-01 22:41:30] https://rentprogress.com/property-details/13707-gentle-woods-ave/riverview/fl/33569/195810/ - parse
[2022-10-01 22:41:30] https://rentprogress.com/property-details/207-olivewood-ct/kissimmee/fl/34743/718785/ - parse
[2022-10-01 22:41:30] https://rentprogress.com/property-details/348-breezeway-dr/apopka/fl/32712/555256/ - parse
[2022-10-01 22:41:31] https://rentprogress.com/property-details/593-lagoon-dr/oviedo/fl/32765/315026/ - parse
[2022-10-01 22:41:31] https://rentprogress.com/property-details/10121-stratford-pointe-ave/orlando/fl/32832/59429/ - parse
[2022-10-01 22:41:31] https://rentprogress.com/property-details/10447-fly-fishing-st/riverview/fl/33569/794422/ - parse
[2022-10-01 22:41:31] https://rentprogress.com/property-details/3106-summer-cruise-dr/valrico/fl/33594/881916/ - parse
[2022-10-01 22:41:31] https://rentprogress.com/property-details/2615-queen-alberta-dr/valrico/fl/33596/460709/ - parse
[2022-10-01 22:41:32] https://rentprogress.com/property-details/11951-lark-song-loop/riverview/fl/33579/130905/ - parse
[2022-10-01 22:41:32] https://rentprogress.com/property-details/3007-summer-house-dr/valrico/fl/33594/335593/ - parse
[2022-10-01 22:41:32] https://rentprogress.com/property-details/14145-econ-woods-ln/orlando/fl/32826/872628/ - parse
[2022-10-01 22:41:32] https://rentprogress.com/property-details/14608-grand-cove-dr/orlando/fl/32837/878449/ - parse
[2022-10-01 22:41:33] https://rentprogress.com/property-details/1931-colonial-woods-blvd/orlando/fl/32826/150623/ - parse
[2022-10-01 22:41:33] https://rentprogress.com/property-details/2041-colonial-woods-blvd/orlando/fl/32826/98754/ - parse
[2022-10-01 22:41:33] https://rentprogress.com/property-details/2906-mojave-oak-dr/valrico/fl/33594/107659/ - parse
[2022-10-01 22:41:33] https://rentprogress.com/property-details/1235-pat-patterson-ct/apopka/fl/32712/132599/ - parse
[2022-10-01 22:41:33] https://rentprogress.com/property-details/2831-laurel-leaf-dr/valrico/fl/33594/103059/ - parse
[2022-10-01 22:41:33] https://rentprogress.com/property-details/12937-fieldmoor-ct/riverview/fl/33579/615850/ - parse
[2022-10-01 22:41:34] https://rentprogress.com/property-details/4135-forest-island-dr/orlando/fl/32826/165669/ - parse
[2022-10-01 22:41:34] https://rentprogress.com/property-details/4146-boca-woods-dr/orlando/fl/32826/277111/ - parse
[2022-10-01 22:41:35] https://rentprogress.com/property-details/1738-singing-palm-dr/apopka/fl/32712/2396477/ - parse
[2022-10-01 22:41:35] https://rentprogress.com/property-details/13423-copper-head-dr/riverview/fl/33569/528952/ - parse
[2022-10-01 22:41:35] https://rentprogress.com/property-details/13903-arbor-pines-dr/riverview/fl/33579/302204/ - parse
[2022-10-01 22:41:36] https://rentprogress.com/property-details/10403-crestfield-dr/riverview/fl/33569/137083/ - parse
[2022-10-01 22:41:36] https://rentprogress.com/property-details/2724-hilda-ct/orlando/fl/32826/939010/ - parse
[2022-10-01 22:41:36] https://rentprogress.com/property-details/1413-timberbend-cir/orlando/fl/32824/868725/ - parse
[2022-10-01 22:41:36] https://rentprogress.com/property-details/11337-blackbark-dr/riverview/fl/33579/566560/ - parse
[2022-10-01 22:41:37] https://rentprogress.com/property-details/6608-brighton-park-dr/apollo-beach/fl/33572/838785/ - parse
[2022-10-01 22:41:37] https://rentprogress.com/property-details/12947-fennway-ridge-dr/riverview/fl/33579/604330/ - parse
[2022-10-01 22:41:37] https://rentprogress.com/property-details/332-blacktail-ct/apopka/fl/32703/933287/ - parse
[2022-10-01 22:41:37] https://rentprogress.com/property-details/1331-monte-lake-dr/valrico/fl/33596/914193/ - parse
[2022-10-01 22:41:37] https://rentprogress.com/property-details/239-holiday-ln/winter-springs/fl/32708/935839/ - parse
[2022-10-01 22:41:38] https://rentprogress.com/property-details/2337-donegan-pl/orlando/fl/32826/316208/ - parse
[2022-10-01 22:41:38] https://rentprogress.com/property-details/341-wekiva-chase-blvd/apopka/fl/32703/638552/ - parse
[2022-10-01 22:41:38] https://rentprogress.com/property-details/1127-hardwood-dr/valrico/fl/33596/277394/ - parse
[2022-10-01 22:41:38] https://rentprogress.com/property-details/4162-shadow-creek-cir/oviedo/fl/32765/170920/ - parse
[2022-10-01 22:41:38] https://rentprogress.com/property-details/4204-havenstone-way/valrico/fl/33596/888656/ - parse
[2022-10-01 22:41:39] https://rentprogress.com/property-details/7529-oxford-garden-cir/apollo-beach/fl/33572/838934/ - parse
[2022-10-01 22:41:39] https://rentprogress.com/property-details/13515-texas-woods-cir/orlando/fl/32824/890389/ - parse
[2022-10-01 22:41:39] https://rentprogress.com/property-details/13038-prairie-meadows-dr/orlando/fl/32837/35367/ - parse
[2022-10-01 22:41:39] https://rentprogress.com/property-details/7546-oxford-garden-cir/apollo-beach/fl/33572/106777/ - parse
[2022-10-01 22:41:40] https://rentprogress.com/property-details/7403-oxford-garden-cir/apollo-beach/fl/33572/434615/ - parse
[2022-10-01 22:41:40] https://rentprogress.com/property-details/2217-heathwood-cir/orlando/fl/32828/158740/ - parse
[2022-10-01 22:41:41] https://rentprogress.com/property-details/7405-oxford-garden-cir/apollo-beach/fl/33572/260260/ - parse
[2022-10-01 22:41:41] https://rentprogress.com/property-details/1614-carter-oaks-dr/valrico/fl/33596/320274/ - parse
[2022-10-01 22:41:41] https://rentprogress.com/property-details/13025-phoenix-woods-ln/orlando/fl/32824/928007/ - parse
[2022-10-01 22:41:41] https://rentprogress.com/property-details/256-tom-sawyer-ct/orlando/fl/32828/524318/ - parse
[2022-10-01 22:41:41] https://rentprogress.com/property-details/12738-parkbury-dr/orlando/fl/32828/168922/ - parse
[2022-10-01 22:41:42] https://rentprogress.com/property-details/1347-honey-blossom-dr/orlando/fl/32824/93773/ - parse
[2022-10-01 22:41:42] https://rentprogress.com/property-details/115-island-water-way/apollo-beach/fl/33572/663889/ - parse
[2022-10-01 22:41:42] https://rentprogress.com/property-details/7006-monarch-park-dr/apollo-beach/fl/33572/628472/ - parse
[2022-10-01 22:41:42] https://rentprogress.com/property-details/1343-san-felipe-ct/winter-springs/fl/32708/931958/ - parse
[2022-10-01 22:41:42] https://rentprogress.com/property-details/2423-camden-oaks-pl/valrico/fl/33594/90000710/ - parse
[2022-10-01 22:41:43] https://rentprogress.com/property-details/1332-andes-dr/winter-springs/fl/32708/271782/ - parse
[2022-10-01 22:41:43] https://rentprogress.com/property-details/1429-madrid-way/winter-springs/fl/32708/539538/ - parse
[2022-10-01 22:41:43] https://rentprogress.com/property-details/6814-monarch-park-dr/apollo-beach/fl/33572/484182/ - parse
[2022-10-01 22:41:44] https://rentprogress.com/property-details/12146-sula-st/orlando/fl/32837/911112/ - parse
[2022-10-01 22:41:44] https://rentprogress.com/property-details/1762-sun-ridge-drive/apopka/fl/32703/644633/ - parse
[2022-10-01 22:41:44] https://rentprogress.com/property-details/7742-bristol-park-dr/apollo-beach/fl/33572/146059/ - parse
[2022-10-01 22:41:44] https://rentprogress.com/property-details/7604-bristol-park-dr/apollo-beach/fl/33572/874792/ - parse
[2022-10-01 22:41:44] https://rentprogress.com/property-details/11111-newbridge-dr/riverview/fl/33579/277650/ - parse
[2022-10-01 22:41:45] https://rentprogress.com/property-details/1153-maybrook-st/apopka/fl/32703/310036/ - parse
[2022-10-01 22:41:45] https://rentprogress.com/property-details/12708-bramfield-dr/riverview/fl/33579/329287/ - parse
[2022-10-01 22:41:45] https://rentprogress.com/property-details/12000-moccasin-ct/orlando/fl/32828/810877/ - parse
[2022-10-01 22:41:45] https://rentprogress.com/property-details/1405-marsh-wood-dr/seffner/fl/33584/109048/ - parse
[2022-10-01 22:41:46] https://rentprogress.com/property-details/12751-standbridge-dr/riverview/fl/33579/899731/ - parse
[2022-10-01 22:41:46] https://rentprogress.com/property-details/2499-lake-jackson-cir/apopka/fl/32703/647591/ - parse
[2022-10-01 22:41:46] https://rentprogress.com/property-details/12132-greco-dr/orlando/fl/32824/900924/ - parse
[2022-10-01 22:41:46] https://rentprogress.com/property-details/12833-grand-bank-ln/orlando/fl/32825/637355/ - parse
[2022-10-01 22:41:46] https://rentprogress.com/property-details/12811-geneva-glade-dr/riverview/fl/33578/356656/ - parse
[2022-10-01 22:41:47] https://rentprogress.com/property-details/1913-chablis-ct/valrico/fl/33594/841343/ - parse
[2022-10-01 22:41:47] https://rentprogress.com/property-details/647-sand-ridge-dr/valrico/fl/33594/507320/ - parse
[2022-10-01 22:41:47] https://rentprogress.com/property-details/4296-fox-hollow-cir/casselberry/fl/32707/613326/ - parse
[2022-10-01 22:41:47] https://rentprogress.com/property-details/12923-tribute-dr/riverview/fl/33578/859196/ - parse
[2022-10-01 22:41:48] https://rentprogress.com/property-details/711-satin-leaf-cir/ocoee/fl/34761/318870/ - parse
[2022-10-01 22:41:48] https://rentprogress.com/property-details/1112-little-spring-hill-dr/ocoee/fl/34761/2007568/ - parse
[2022-10-01 22:41:48] https://rentprogress.com/property-details/291-falling-leaf-lane/casselberry/fl/32707/307861/ - parse
[2022-10-01 22:41:48] https://rentprogress.com/property-details/13017-tribute-dr/riverview/fl/33578/168721/ - parse
[2022-10-01 22:41:48] https://rentprogress.com/property-details/12903-tribute-dr/riverview/fl/33578/163606/ - parse
[2022-10-01 22:41:49] https://rentprogress.com/property-details/11734-sindlesham-ct/orlando/fl/32837/144397/ - parse
[2022-10-01 22:41:49] https://rentprogress.com/property-details/310-brickyard-ct/valrico/fl/33594/280728/ - parse
[2022-10-01 22:41:49] https://rentprogress.com/property-details/294-falling-leaf-ln/casselberry/fl/32707/902813/ - parse
[2022-10-01 22:41:49] https://rentprogress.com/property-details/508-beth-ann-st/valrico/fl/33594/236695/ - parse
[2022-10-01 22:41:49] https://rentprogress.com/property-details/1048-saint-croix-ave/apopka/fl/32703/655958/ - parse
[2022-10-01 22:41:50] https://rentprogress.com/property-details/11641-kenley-cir/orlando/fl/32824/939593/ - parse
[2022-10-01 22:41:50] https://rentprogress.com/property-details/1906-leichester-st/valrico/fl/33594/885434/ - parse
[2022-10-01 22:41:50] https://rentprogress.com/property-details/10307-greystone-ridge-ct/riverview/fl/33578/324218/ - parse
[2022-10-01 22:41:50] https://rentprogress.com/property-details/10804-waterford-ct/orlando/fl/32821/891114/ - parse
[2022-10-01 22:41:50] https://rentprogress.com/property-details/537-sandy-creek-dr/brandon/fl/33511/322723/ - parse
[2022-10-01 22:41:51] https://rentprogress.com/property-details/1808-rudder-dr/valrico/fl/33594/2308277/ - parse
[2022-10-01 22:41:51] https://rentprogress.com/property-details/3598-s-saint-lucie-dr/casselberry/fl/32707/170923/ - parse
[2022-10-01 22:41:51] https://rentprogress.com/property-details/368-n-crossbeam-dr/casselberry/fl/32707/275985/ - parse
[2022-10-01 22:41:51] https://rentprogress.com/property-details/402-sangria-dr/valrico/fl/33594/280798/ - parse
[2022-10-01 22:41:51] https://rentprogress.com/property-details/10610-walker-vista-dr/riverview/fl/33578/878724/ - parse
[2022-10-01 22:41:52] https://rentprogress.com/property-details/2902-woolridge-dr/orlando/fl/32837/863003/ - parse
[2022-10-01 22:41:52] https://rentprogress.com/property-details/1121-shoshanna-dr/orlando/fl/32825/934326/ - parse
[2022-10-01 22:41:52] https://rentprogress.com/property-details/11255-creek-haven-dr/riverview/fl/33569/99875/ - parse
[2022-10-01 22:41:52] https://rentprogress.com/property-details/17507-cranbrook-dr/lutz/fl/33549/874707/ - parse
[2022-10-01 22:41:52] https://rentprogress.com/property-details/3280-s-saint-lucie-dr/casselberry/fl/32707/920494/ - parse
[2022-10-01 22:41:53] https://rentprogress.com/property-details/1546-crossbeam-dr/casselberry/fl/32707/873705/ - parse
[2022-10-01 22:41:53] https://rentprogress.com/property-details/416-fern-gulley-dr/seffner/fl/33584/130844/ - parse
[2022-10-01 22:41:53] https://rentprogress.com/property-details/11194-galvin-dr/orlando/fl/32837/933298/ - parse
[2022-10-01 22:41:53] https://rentprogress.com/property-details/12726-early-run-ln/riverview/fl/33578/280897/ - parse
[2022-10-01 22:41:54] https://rentprogress.com/property-details/10408-hallmark-blvd/riverview/fl/33578/73070/ - parse
[2022-10-01 22:41:54] https://rentprogress.com/property-details/12813-early-run-ln/riverview/fl/33578/130677/ - parse
[2022-10-01 22:41:54] https://rentprogress.com/property-details/3246-bellingham-dr/orlando/fl/32825/887227/ - parse
[2022-10-01 22:41:54] https://rentprogress.com/property-details/12809-early-run-ln/riverview/fl/33578/134263/ - parse
[2022-10-01 22:41:54] https://rentprogress.com/property-details/3136-benson-park-blvd/orlando/fl/32829/935570/ - parse
[2022-10-01 22:41:55] https://rentprogress.com/property-details/4244-waterside-pointe-cir/orlando/fl/32829/590954/ - parse
[2022-10-01 22:41:55] https://rentprogress.com/property-details/9958-medallion-bluff-ln/orlando/fl/32829/917694/ - parse
[2022-10-01 22:41:55] https://rentprogress.com/property-details/3137-holland-dr/orlando/fl/32825/155851/ - parse
[2022-10-01 22:41:55] https://rentprogress.com/property-details/12941-kings-lake-dr/gibsonton/fl/33534/139782/ - parse
[2022-10-01 22:41:55] https://rentprogress.com/property-details/13029-waterbourne-dr/gibsonton/fl/33534/899046/ - parse
[2022-10-01 22:41:56] https://rentprogress.com/property-details/10546-rocking-a-run/orlando/fl/32825/148054/ - parse
[2022-10-01 22:41:56] https://rentprogress.com/property-details/245-briar-bay-cir/orlando/fl/32825/675904/ - parse
[2022-10-01 22:41:56] https://rentprogress.com/property-details/12232-fawn-brindle-st/riverview/fl/33578/324779/ - parse
[2022-10-01 22:41:56] https://rentprogress.com/property-details/11407-coconut-island-dr/riverview/fl/33569/72938/ - parse
[2022-10-01 22:41:56] https://rentprogress.com/property-details/1421-main-st/valrico/fl/33594/135100/ - parse
[2022-10-01 22:41:57] https://rentprogress.com/property-details/12510-lake-vista-dr/gibsonton/fl/33534/891135/ - parse
[2022-10-01 22:41:57] https://rentprogress.com/property-details/955-mozart-dr/orlando/fl/32825/647265/ - parse
[2022-10-01 22:41:57] https://rentprogress.com/property-details/2601-river-ridge-dr/orlando/fl/32825/158927/ - parse
[2022-10-01 22:41:57] https://rentprogress.com/property-details/936-sunridge-point-dr/seffner/fl/33584/334048/ - parse
[2022-10-01 22:41:57] https://rentprogress.com/property-details/2109-churchill-downs-cir/orlando/fl/32825/905915/ - parse
[2022-10-01 22:41:58] https://rentprogress.com/property-details/5934-rywood-dr/orlando/fl/32810/440255/ - parse
[2022-10-01 22:41:58] https://rentprogress.com/property-details/16208-doublebrook-pl/tampa/fl/33624/173533/ - parse
[2022-10-01 22:41:58] https://rentprogress.com/property-details/10455-hunters-haven-blvd/riverview/fl/33578/891843/ - parse
[2022-10-01 22:41:58] https://rentprogress.com/property-details/8712-grandee-dr/orlando/fl/32829/888346/ - parse
[2022-10-01 22:41:58] https://rentprogress.com/property-details/5576-garden-grove-cir/winter-park/fl/32792/922566/ - parse
[2022-10-01 22:41:59] https://rentprogress.com/property-details/11517-crestlake-village-dr/riverview/fl/33569/106433/ - parse
[2022-10-01 22:41:59] https://rentprogress.com/property-details/13002-bridleford-dr/gibsonton/fl/33534/779624/ - parse
[2022-10-01 22:41:59] https://rentprogress.com/property-details/522-oak-creek-dr/brandon/fl/33511/280028/ - parse
[2022-10-01 22:41:59] https://rentprogress.com/property-details/8655-fort-jefferson-blvd/orlando/fl/32822/319620/ - parse
[2022-10-01 22:41:59] https://rentprogress.com/property-details/9452-dubois-blvd/orlando/fl/32825/930883/ - parse
[2022-10-01 22:42:00] https://rentprogress.com/property-details/4816-fort-apache-ct/orlando/fl/32822/120811/ - parse
[2022-10-01 22:42:00] https://rentprogress.com/property-details/13108-early-run-ln/riverview/fl/33578/549978/ - parse
[2022-10-01 22:42:00] https://rentprogress.com/property-details/3619-game-trail-ct/orlando/fl/32829/925566/ - parse
[2022-10-01 22:42:00] https://rentprogress.com/property-details/12210-ravens-nest-pl/riverview/fl/33578/163149/ - parse
[2022-10-01 22:42:00] https://rentprogress.com/property-details/12928-bridleford-dr/gibsonton/fl/33534/621606/ - parse
[2022-10-01 22:42:01] https://rentprogress.com/property-details/12724-kings-lake-dr/gibsonton/fl/33534/133823/ - parse
[2022-10-01 22:42:01] https://rentprogress.com/property-details/8631-foley-dr/orlando/fl/32825/849991/ - parse
[2022-10-01 22:42:01] https://rentprogress.com/property-details/3386-hamlet-loop/winter-park/fl/32792/616067/ - parse
[2022-10-01 22:42:01] https://rentprogress.com/property-details/11704-pure-pebble-dr/riverview/fl/33569/317196/ - parse
[2022-10-01 22:42:02] https://rentprogress.com/property-details/4416-ironstone-cir/orlando/fl/32812/2109006/ - parse
[2022-10-01 22:42:02] https://rentprogress.com/property-details/810-grand-cayman-ct/orlando/fl/32835/673869/ - parse
[2022-10-01 22:42:02] https://rentprogress.com/property-details/624-lakemont-dr/brandon/fl/33510/875063/ - parse
[2022-10-01 22:42:02] https://rentprogress.com/property-details/2808-linden-tree-st/seffner/fl/33584/850177/ - parse
[2022-10-01 22:42:03] https://rentprogress.com/property-details/4764-miramar-rd/orlando/fl/32811/677910/ - parse
[2022-10-01 22:42:03] https://rentprogress.com/property-details/8703-foley-dr/orlando/fl/32825/925321/ - parse
[2022-10-01 22:42:03] https://rentprogress.com/property-details/11120-rising-mist-blvd/riverview/fl/33578/874450/ - parse
[2022-10-01 22:42:03] https://rentprogress.com/property-details/417-maple-pointe-dr/seffner/fl/33584/300527/ - parse
[2022-10-01 22:42:03] https://rentprogress.com/property-details/748-star-pointe-dr/seffner/fl/33584/314730/ - parse
[2022-10-01 22:42:04] https://rentprogress.com/property-details/10713-southern-forest-dr/riverview/fl/33578/526132/ - parse
[2022-10-01 22:42:04] https://rentprogress.com/property-details/11071-scott-loop/riverview/fl/33569/803187/ - parse
[2022-10-01 22:42:04] https://rentprogress.com/property-details/8108-bilston-village-ln/gibsonton/fl/33534/515443/ - parse
[2022-10-01 22:42:04] https://rentprogress.com/property-details/10313-summer-azure-dr/riverview/fl/33578/576002/ - parse
[2022-10-01 22:42:04] https://rentprogress.com/property-details/8113-bilston-village-ln/gibsonton/fl/33534/838937/ - parse
[2022-10-01 22:42:05] https://rentprogress.com/property-details/1029-summer-breeze-dr/brandon/fl/33511/911778/ - parse
[2022-10-01 22:42:05] https://rentprogress.com/property-details/8315-pine-river-rd/tampa/fl/33637/776096/ - parse
[2022-10-01 22:42:05] https://rentprogress.com/property-details/307-timber-creek-dr/brandon/fl/33510/157337/ - parse
[2022-10-01 22:42:05] https://rentprogress.com/property-details/3215-las-brisas-drive/riverview/fl/33578/304651/ - parse
[2022-10-01 22:42:06] https://rentprogress.com/property-details/6403-reef-cir/tampa/fl/33625/911885/ - parse
[2022-10-01 22:42:06] https://rentprogress.com/property-details/1710-wakefield-dr/brandon/fl/33511/127076/ - parse
[2022-10-01 22:42:06] https://rentprogress.com/property-details/1406-wakefield-dr/brandon/fl/33511/884124/ - parse
[2022-10-01 22:42:06] https://rentprogress.com/property-details/846-timber-pond-dr/brandon/fl/33510/409026/ - parse
[2022-10-01 22:42:06] https://rentprogress.com/property-details/8406-carriage-pointe-dr/gibsonton/fl/33534/93703/ - parse
[2022-10-01 22:42:07] https://rentprogress.com/property-details/1509-sakonnet-ct/brandon/fl/33511/894688/ - parse
[2022-10-01 22:42:07] https://rentprogress.com/property-details/1411-star-jasmine-ln/brandon/fl/33511/611792/ - parse
[2022-10-01 22:42:07] https://rentprogress.com/property-details/14943-deer-meadow-dr/lutz/fl/33559/606615/ - parse
[2022-10-01 22:42:07] https://rentprogress.com/property-details/1436-birchstone-ave/brandon/fl/33511/56713/ - parse
[2022-10-01 22:42:08] https://rentprogress.com/property-details/10324-ashley-oaks-dr/riverview/fl/33578/817115/ - parse
[2022-10-01 22:42:08] https://rentprogress.com/property-details/5339-southwick-dr/tampa/fl/33624/902877/ - parse
[2022-10-01 22:42:08] https://rentprogress.com/property-details/6619-summer-haven-dr/riverview/fl/33578/143104/ - parse
[2022-10-01 22:42:08] https://rentprogress.com/property-details/2032-shadow-pine-dr/brandon/fl/33511/878677/ - parse
[2022-10-01 22:42:08] https://rentprogress.com/property-details/7710-sunshine-bridge-ave/gibsonton/fl/33534/891294/ - parse
[2022-10-01 22:42:09] https://rentprogress.com/property-details/1208-rinkfield-pl/brandon/fl/33511/595849/ - parse
[2022-10-01 22:42:09] https://rentprogress.com/property-details/2107-redleaf-dr/brandon/fl/33510/311826/ - parse
[2022-10-01 22:42:09] https://rentprogress.com/property-details/5312-southwick-dr/tampa/fl/33624/628869/ - parse
[2022-10-01 22:42:09] https://rentprogress.com/property-details/1505-scotch-pine-drive/brandon/fl/33511/132227/ - parse
[2022-10-01 22:42:10] https://rentprogress.com/property-details/10826-peppersong-dr/riverview/fl/33578/314529/ - parse
[2022-10-01 22:42:10] https://rentprogress.com/property-details/5944-birchwood-dr/tampa/fl/33625/534065/ - parse
[2022-10-01 22:42:10] https://rentprogress.com/property-details/117-floral-dr/tampa/fl/33613/2308993/ - parse
[2022-10-01 22:42:10] https://rentprogress.com/property-details/1749-lakeview-village-dr/brandon/fl/33510/868968/ - parse
[2022-10-01 22:42:10] https://rentprogress.com/property-details/6507-summer-cove-dr/riverview/fl/33578/131453/ - parse
[2022-10-01 22:42:11] https://rentprogress.com/property-details/1606-elk-spring-dr/brandon/fl/33511/320228/ - parse
[2022-10-01 22:42:11] https://rentprogress.com/property-details/9826-morris-glen-way/temple-terrace/fl/33637/124225/ - parse
[2022-10-01 22:42:11] https://rentprogress.com/property-details/9827-sir-frederick-st/tampa/fl/33637/888093/ - parse
[2022-10-01 22:42:11] https://rentprogress.com/property-details/1323-coolridge-dr/brandon/fl/33511/166089/ - parse
[2022-10-01 22:42:11] https://rentprogress.com/property-details/2452-sagemont-dr/brandon/fl/33511/916283/ - parse
[2022-10-01 22:42:12] https://rentprogress.com/property-details/8911-richfield-ct/tampa/fl/33634/677955/ - parse
[2022-10-01 22:42:12] https://rentprogress.com/property-details/8574-deer-chase-drive/riverview/fl/33578/303749/ - parse
[2022-10-01 22:42:12] https://rentprogress.com/property-details/9824-sir-frederick-st/temple-terrace/fl/33637/852989/ - parse
[2022-10-01 22:42:12] https://rentprogress.com/property-details/10375-chadbourne-dr/tampa/fl/33624/2004919/ - parse
[2022-10-01 22:42:12] https://rentprogress.com/property-details/2557-lexington-oak-dr/brandon/fl/33511/2204861/ - parse
[2022-10-01 22:42:13] https://rentprogress.com/property-details/2001-e-humphrey-st/tampa/fl/33604/803190/ - parse
[2022-10-01 22:42:13] https://rentprogress.com/property-details/7902-evergreen-creek-ct/riverview/fl/33578/734709/ - parse
